  main.cpp
C:\Users\yue\Documents\GitHub\rust_compiler\CompilerForRust\CompilerForRust\Lexer.h(1,1): warning C4828: 文件包含在偏移 0x116 处开始的字符，该字符在当前源字符集中无效(代码页 65001)。
C:\Users\yue\Documents\GitHub\rust_compiler\CompilerForRust\CompilerForRust\Lexer.h(1,1): warning C4828: 文件包含在偏移 0x118 处开始的字符，该字符在当前源字符集中无效(代码页 65001)。
C:\Users\yue\Documents\GitHub\rust_compiler\CompilerForRust\CompilerForRust\Lexer.h(1,1): warning C4828: 文件包含在偏移 0x119 处开始的字符，该字符在当前源字符集中无效(代码页 65001)。
C:\Users\yue\Documents\GitHub\rust_compiler\CompilerForRust\CompilerForRust\Lexer.h(1,1): warning C4828: 文件包含在偏移 0x136 处开始的字符，该字符在当前源字符集中无效(代码页 65001)。
C:\Users\yue\Documents\GitHub\rust_compiler\CompilerForRust\CompilerForRust\Lexer.h(1,1): warning C4828: 文件包含在偏移 0x139 处开始的字符，该字符在当前源字符集中无效(代码页 65001)。
C:\Users\yue\Documents\GitHub\rust_compiler\CompilerForRust\CompilerForRust\Lexer.h(1,1): warning C4828: 文件包含在偏移 0x192 处开始的字符，该字符在当前源字符集中无效(代码页 65001)。
C:\Users\yue\Documents\GitHub\rust_compiler\CompilerForRust\CompilerForRust\Lexer.h(1,1): warning C4828: 文件包含在偏移 0x193 处开始的字符，该字符在当前源字符集中无效(代码页 65001)。
C:\Users\yue\Documents\GitHub\rust_compiler\CompilerForRust\CompilerForRust\Lexer.h(1,1): warning C4828: 文件包含在偏移 0x195 处开始的字符，该字符在当前源字符集中无效(代码页 65001)。
C:\Users\yue\Documents\GitHub\rust_compiler\CompilerForRust\CompilerForRust\Lexer.h(1,1): warning C4828: 文件包含在偏移 0x199 处开始的字符，该字符在当前源字符集中无效(代码页 65001)。
C:\Users\yue\Documents\GitHub\rust_compiler\CompilerForRust\CompilerForRust\Lexer.h(1,1): warning C4828: 文件包含在偏移 0x19a 处开始的字符，该字符在当前源字符集中无效(代码页 65001)。
C:\Users\yue\Documents\GitHub\rust_compiler\CompilerForRust\CompilerForRust\Lexer.h(1,1): warning C4828: 文件包含在偏移 0x19b 处开始的字符，该字符在当前源字符集中无效(代码页 65001)。
C:\Users\yue\Documents\GitHub\rust_compiler\CompilerForRust\CompilerForRust\Lexer.h(1,1): warning C4828: 文件包含在偏移 0x1c5 处开始的字符，该字符在当前源字符集中无效(代码页 65001)。
C:\Users\yue\Documents\GitHub\rust_compiler\CompilerForRust\CompilerForRust\Lexer.h(1,1): warning C4828: 文件包含在偏移 0x1c7 处开始的字符，该字符在当前源字符集中无效(代码页 65001)。
C:\Users\yue\Documents\GitHub\rust_compiler\CompilerForRust\CompilerForRust\Lexer.h(1,1): warning C4828: 文件包含在偏移 0x1ca 处开始的字符，该字符在当前源字符集中无效(代码页 65001)。
C:\Users\yue\Documents\GitHub\rust_compiler\CompilerForRust\CompilerForRust\Lexer.h(1,1): warning C4828: 文件包含在偏移 0x1cb 处开始的字符，该字符在当前源字符集中无效(代码页 65001)。
C:\Users\yue\Documents\GitHub\rust_compiler\CompilerForRust\CompilerForRust\Lexer.h(1,1): warning C4828: 文件包含在偏移 0x1cc 处开始的字符，该字符在当前源字符集中无效(代码页 65001)。
C:\Users\yue\Documents\GitHub\rust_compiler\CompilerForRust\CompilerForRust\Lexer.h(1,1): warning C4828: 文件包含在偏移 0x25b 处开始的字符，该字符在当前源字符集中无效(代码页 65001)。
C:\Users\yue\Documents\GitHub\rust_compiler\CompilerForRust\CompilerForRust\Lexer.h(1,1): warning C4828: 文件包含在偏移 0x25d 处开始的字符，该字符在当前源字符集中无效(代码页 65001)。
C:\Users\yue\Documents\GitHub\rust_compiler\CompilerForRust\CompilerForRust\Lexer.h(1,1): warning C4828: 文件包含在偏移 0x25f 处开始的字符，该字符在当前源字符集中无效(代码页 65001)。
C:\Users\yue\Documents\GitHub\rust_compiler\CompilerForRust\CompilerForRust\Lexer.h(1,1): warning C4828: 文件包含在偏移 0x260 处开始的字符，该字符在当前源字符集中无效(代码页 65001)。
C:\Users\yue\Documents\GitHub\rust_compiler\CompilerForRust\CompilerForRust\Token.h(1,1): warning C4828: 文件包含在偏移 0x88 处开始的字符，该字符在当前源字符集中无效(代码页 65001)。
C:\Users\yue\Documents\GitHub\rust_compiler\CompilerForRust\CompilerForRust\Token.h(1,1): warning C4828: 文件包含在偏移 0x8a 处开始的字符，该字符在当前源字符集中无效(代码页 65001)。
C:\Users\yue\Documents\GitHub\rust_compiler\CompilerForRust\CompilerForRust\Token.h(1,1): warning C4828: 文件包含在偏移 0xa4 处开始的字符，该字符在当前源字符集中无效(代码页 65001)。
C:\Users\yue\Documents\GitHub\rust_compiler\CompilerForRust\CompilerForRust\Token.h(1,1): warning C4828: 文件包含在偏移 0xa5 处开始的字符，该字符在当前源字符集中无效(代码页 65001)。
C:\Users\yue\Documents\GitHub\rust_compiler\CompilerForRust\CompilerForRust\Token.h(1,1): warning C4828: 文件包含在偏移 0xa6 处开始的字符，该字符在当前源字符集中无效(代码页 65001)。
C:\Users\yue\Documents\GitHub\rust_compiler\CompilerForRust\CompilerForRust\Token.h(1,1): warning C4828: 文件包含在偏移 0xa7 处开始的字符，该字符在当前源字符集中无效(代码页 65001)。
C:\Users\yue\Documents\GitHub\rust_compiler\CompilerForRust\CompilerForRust\Token.h(1,1): warning C4828: 文件包含在偏移 0xbf 处开始的字符，该字符在当前源字符集中无效(代码页 65001)。
C:\Users\yue\Documents\GitHub\rust_compiler\CompilerForRust\CompilerForRust\Token.h(1,1): warning C4828: 文件包含在偏移 0xc1 处开始的字符，该字符在当前源字符集中无效(代码页 65001)。
C:\Users\yue\Documents\GitHub\rust_compiler\CompilerForRust\CompilerForRust\Token.h(1,1): warning C4828: 文件包含在偏移 0xc2 处开始的字符，该字符在当前源字符集中无效(代码页 65001)。
C:\Users\yue\Documents\GitHub\rust_compiler\CompilerForRust\CompilerForRust\Token.h(1,1): warning C4828: 文件包含在偏移 0xd9 处开始的字符，该字符在当前源字符集中无效(代码页 65001)。
C:\Users\yue\Documents\GitHub\rust_compiler\CompilerForRust\CompilerForRust\Token.h(1,1): warning C4828: 文件包含在偏移 0xda 处开始的字符，该字符在当前源字符集中无效(代码页 65001)。
C:\Users\yue\Documents\GitHub\rust_compiler\CompilerForRust\CompilerForRust\Token.h(1,1): warning C4828: 文件包含在偏移 0xdd 处开始的字符，该字符在当前源字符集中无效(代码页 65001)。
C:\Users\yue\Documents\GitHub\rust_compiler\CompilerForRust\CompilerForRust\Token.h(1,1): warning C4828: 文件包含在偏移 0xde 处开始的字符，该字符在当前源字符集中无效(代码页 65001)。
C:\Users\yue\Documents\GitHub\rust_compiler\CompilerForRust\CompilerForRust\Token.h(1,1): warning C4828: 文件包含在偏移 0xf5 处开始的字符，该字符在当前源字符集中无效(代码页 65001)。
C:\Users\yue\Documents\GitHub\rust_compiler\CompilerForRust\CompilerForRust\Token.h(1,1): warning C4828: 文件包含在偏移 0xa26 处开始的字符，该字符在当前源字符集中无效(代码页 65001)。
C:\Users\yue\Documents\GitHub\rust_compiler\CompilerForRust\CompilerForRust\Token.h(1,1): warning C4828: 文件包含在偏移 0xa28 处开始的字符，该字符在当前源字符集中无效(代码页 65001)。
C:\Users\yue\Documents\GitHub\rust_compiler\CompilerForRust\CompilerForRust\Token.h(1,1): warning C4828: 文件包含在偏移 0xa40 处开始的字符，该字符在当前源字符集中无效(代码页 65001)。
C:\Users\yue\Documents\GitHub\rust_compiler\CompilerForRust\CompilerForRust\Token.h(1,1): warning C4828: 文件包含在偏移 0xa41 处开始的字符，该字符在当前源字符集中无效(代码页 65001)。
C:\Users\yue\Documents\GitHub\rust_compiler\CompilerForRust\CompilerForRust\Token.h(1,1): warning C4828: 文件包含在偏移 0xa42 处开始的字符，该字符在当前源字符集中无效(代码页 65001)。
C:\Users\yue\Documents\GitHub\rust_compiler\CompilerForRust\CompilerForRust\Token.h(1,1): warning C4828: 文件包含在偏移 0xa43 处开始的字符，该字符在当前源字符集中无效(代码页 65001)。
C:\Users\yue\Documents\GitHub\rust_compiler\CompilerForRust\CompilerForRust\Token.h(1,1): warning C4828: 文件包含在偏移 0xa5f 处开始的字符，该字符在当前源字符集中无效(代码页 65001)。
C:\Users\yue\Documents\GitHub\rust_compiler\CompilerForRust\CompilerForRust\Token.h(1,1): warning C4828: 文件包含在偏移 0xa61 处开始的字符，该字符在当前源字符集中无效(代码页 65001)。
C:\Users\yue\Documents\GitHub\rust_compiler\CompilerForRust\CompilerForRust\Token.h(1,1): warning C4828: 文件包含在偏移 0xa62 处开始的字符，该字符在当前源字符集中无效(代码页 65001)。
C:\Users\yue\Documents\GitHub\rust_compiler\CompilerForRust\CompilerForRust\Token.h(1,1): warning C4828: 文件包含在偏移 0xa77 处开始的字符，该字符在当前源字符集中无效(代码页 65001)。
C:\Users\yue\Documents\GitHub\rust_compiler\CompilerForRust\CompilerForRust\Token.h(1,1): warning C4828: 文件包含在偏移 0xa78 处开始的字符，该字符在当前源字符集中无效(代码页 65001)。
C:\Users\yue\Documents\GitHub\rust_compiler\CompilerForRust\CompilerForRust\Token.h(1,1): warning C4828: 文件包含在偏移 0xa7b 处开始的字符，该字符在当前源字符集中无效(代码页 65001)。
C:\Users\yue\Documents\GitHub\rust_compiler\CompilerForRust\CompilerForRust\Token.h(1,1): warning C4828: 文件包含在偏移 0xa7c 处开始的字符，该字符在当前源字符集中无效(代码页 65001)。
C:\Users\yue\Documents\GitHub\rust_compiler\CompilerForRust\CompilerForRust\Token.h(1,1): warning C4828: 文件包含在偏移 0xa90 处开始的字符，该字符在当前源字符集中无效(代码页 65001)。
C:\Users\yue\Documents\GitHub\rust_compiler\CompilerForRust\CompilerForRust\Log.h(1,1): warning C4828: 文件包含在偏移 0x85 处开始的字符，该字符在当前源字符集中无效(代码页 65001)。
C:\Users\yue\Documents\GitHub\rust_compiler\CompilerForRust\CompilerForRust\Log.h(1,1): warning C4828: 文件包含在偏移 0x86 处开始的字符，该字符在当前源字符集中无效(代码页 65001)。
C:\Users\yue\Documents\GitHub\rust_compiler\CompilerForRust\CompilerForRust\Log.h(1,1): warning C4828: 文件包含在偏移 0x87 处开始的字符，该字符在当前源字符集中无效(代码页 65001)。
C:\Users\yue\Documents\GitHub\rust_compiler\CompilerForRust\CompilerForRust\Log.h(1,1): warning C4828: 文件包含在偏移 0x88 处开始的字符，该字符在当前源字符集中无效(代码页 65001)。
C:\Users\yue\Documents\GitHub\rust_compiler\CompilerForRust\CompilerForRust\Log.h(1,1): warning C4828: 文件包含在偏移 0x8b 处开始的字符，该字符在当前源字符集中无效(代码页 65001)。
C:\Users\yue\Documents\GitHub\rust_compiler\CompilerForRust\CompilerForRust\Log.h(1,1): warning C4828: 文件包含在偏移 0x8c 处开始的字符，该字符在当前源字符集中无效(代码页 65001)。
C:\Users\yue\Documents\GitHub\rust_compiler\CompilerForRust\CompilerForRust\Log.h(1,1): warning C4828: 文件包含在偏移 0x90 处开始的字符，该字符在当前源字符集中无效(代码页 65001)。
C:\Users\yue\Documents\GitHub\rust_compiler\CompilerForRust\CompilerForRust\Log.h(1,1): warning C4828: 文件包含在偏移 0x92 处开始的字符，该字符在当前源字符集中无效(代码页 65001)。
C:\Users\yue\Documents\GitHub\rust_compiler\CompilerForRust\CompilerForRust\Log.h(1,1): warning C4828: 文件包含在偏移 0x94 处开始的字符，该字符在当前源字符集中无效(代码页 65001)。
C:\Users\yue\Documents\GitHub\rust_compiler\CompilerForRust\CompilerForRust\Log.h(1,1): warning C4828: 文件包含在偏移 0xb3 处开始的字符，该字符在当前源字符集中无效(代码页 65001)。
C:\Users\yue\Documents\GitHub\rust_compiler\CompilerForRust\CompilerForRust\Log.h(1,1): warning C4828: 文件包含在偏移 0xb5 处开始的字符，该字符在当前源字符集中无效(代码页 65001)。
C:\Users\yue\Documents\GitHub\rust_compiler\CompilerForRust\CompilerForRust\Log.h(1,1): warning C4828: 文件包含在偏移 0xb6 处开始的字符，该字符在当前源字符集中无效(代码页 65001)。
C:\Users\yue\Documents\GitHub\rust_compiler\CompilerForRust\CompilerForRust\Log.h(1,1): warning C4828: 文件包含在偏移 0xba 处开始的字符，该字符在当前源字符集中无效(代码页 65001)。
C:\Users\yue\Documents\GitHub\rust_compiler\CompilerForRust\CompilerForRust\Log.h(1,1): warning C4828: 文件包含在偏移 0xbc 处开始的字符，该字符在当前源字符集中无效(代码页 65001)。
C:\Users\yue\Documents\GitHub\rust_compiler\CompilerForRust\CompilerForRust\Log.h(1,1): warning C4828: 文件包含在偏移 0xbd 处开始的字符，该字符在当前源字符集中无效(代码页 65001)。
C:\Users\yue\Documents\GitHub\rust_compiler\CompilerForRust\CompilerForRust\Log.h(1,1): warning C4828: 文件包含在偏移 0xbf 处开始的字符，该字符在当前源字符集中无效(代码页 65001)。
C:\Users\yue\Documents\GitHub\rust_compiler\CompilerForRust\CompilerForRust\Log.h(1,1): warning C4828: 文件包含在偏移 0xc0 处开始的字符，该字符在当前源字符集中无效(代码页 65001)。
C:\Users\yue\Documents\GitHub\rust_compiler\CompilerForRust\CompilerForRust\Log.h(1,1): warning C4828: 文件包含在偏移 0xe7 处开始的字符，该字符在当前源字符集中无效(代码页 65001)。
C:\Users\yue\Documents\GitHub\rust_compiler\CompilerForRust\CompilerForRust\Log.h(1,1): warning C4828: 文件包含在偏移 0xe9 处开始的字符，该字符在当前源字符集中无效(代码页 65001)。
C:\Users\yue\Documents\GitHub\rust_compiler\CompilerForRust\CompilerForRust\Log.h(1,1): warning C4828: 文件包含在偏移 0xea 处开始的字符，该字符在当前源字符集中无效(代码页 65001)。
C:\Users\yue\Documents\GitHub\rust_compiler\CompilerForRust\CompilerForRust\Log.h(1,1): warning C4828: 文件包含在偏移 0xee 处开始的字符，该字符在当前源字符集中无效(代码页 65001)。
C:\Users\yue\Documents\GitHub\rust_compiler\CompilerForRust\CompilerForRust\Log.h(1,1): warning C4828: 文件包含在偏移 0xf4 处开始的字符，该字符在当前源字符集中无效(代码页 65001)。
C:\Users\yue\Documents\GitHub\rust_compiler\CompilerForRust\CompilerForRust\Node.h(1,1): warning C4828: 文件包含在偏移 0x7c7 处开始的字符，该字符在当前源字符集中无效(代码页 65001)。
C:\Users\yue\Documents\GitHub\rust_compiler\CompilerForRust\CompilerForRust\Node.h(1,1): warning C4828: 文件包含在偏移 0x7c8 处开始的字符，该字符在当前源字符集中无效(代码页 65001)。
C:\Users\yue\Documents\GitHub\rust_compiler\CompilerForRust\CompilerForRust\Node.h(1,1): warning C4828: 文件包含在偏移 0x7c9 处开始的字符，该字符在当前源字符集中无效(代码页 65001)。
C:\Users\yue\Documents\GitHub\rust_compiler\CompilerForRust\CompilerForRust\Node.h(1,1): warning C4828: 文件包含在偏移 0x7cc 处开始的字符，该字符在当前源字符集中无效(代码页 65001)。
C:\Users\yue\Documents\GitHub\rust_compiler\CompilerForRust\CompilerForRust\Node.h(1,1): warning C4828: 文件包含在偏移 0x7f9 处开始的字符，该字符在当前源字符集中无效(代码页 65001)。
C:\Users\yue\Documents\GitHub\rust_compiler\CompilerForRust\CompilerForRust\Node.h(1,1): warning C4828: 文件包含在偏移 0x7fa 处开始的字符，该字符在当前源字符集中无效(代码页 65001)。
C:\Users\yue\Documents\GitHub\rust_compiler\CompilerForRust\CompilerForRust\Node.h(1,1): warning C4828: 文件包含在偏移 0x7fd 处开始的字符，该字符在当前源字符集中无效(代码页 65001)。
C:\Users\yue\Documents\GitHub\rust_compiler\CompilerForRust\CompilerForRust\Node.h(1,1): warning C4828: 文件包含在偏移 0x7fe 处开始的字符，该字符在当前源字符集中无效(代码页 65001)。
C:\Users\yue\Documents\GitHub\rust_compiler\CompilerForRust\CompilerForRust\Node.h(1,1): warning C4828: 文件包含在偏移 0x7ff 处开始的字符，该字符在当前源字符集中无效(代码页 65001)。
C:\Users\yue\Documents\GitHub\rust_compiler\CompilerForRust\CompilerForRust\Node.h(1,1): warning C4828: 文件包含在偏移 0x801 处开始的字符，该字符在当前源字符集中无效(代码页 65001)。
C:\Users\yue\Documents\GitHub\rust_compiler\CompilerForRust\CompilerForRust\Node.h(1,1): warning C4828: 文件包含在偏移 0x802 处开始的字符，该字符在当前源字符集中无效(代码页 65001)。
C:\Users\yue\Documents\GitHub\rust_compiler\CompilerForRust\CompilerForRust\Node.h(1,1): warning C4828: 文件包含在偏移 0x803 处开始的字符，该字符在当前源字符集中无效(代码页 65001)。
C:\Users\yue\Documents\GitHub\rust_compiler\CompilerForRust\CompilerForRust\Node.h(1,1): warning C4828: 文件包含在偏移 0x831 处开始的字符，该字符在当前源字符集中无效(代码页 65001)。
C:\Users\yue\Documents\GitHub\rust_compiler\CompilerForRust\CompilerForRust\Node.h(1,1): warning C4828: 文件包含在偏移 0x832 处开始的字符，该字符在当前源字符集中无效(代码页 65001)。
C:\Users\yue\Documents\GitHub\rust_compiler\CompilerForRust\CompilerForRust\Node.h(1,1): warning C4828: 文件包含在偏移 0x833 处开始的字符，该字符在当前源字符集中无效(代码页 65001)。
C:\Users\yue\Documents\GitHub\rust_compiler\CompilerForRust\CompilerForRust\Node.h(1,1): warning C4828: 文件包含在偏移 0x834 处开始的字符，该字符在当前源字符集中无效(代码页 65001)。
C:\Users\yue\Documents\GitHub\rust_compiler\CompilerForRust\CompilerForRust\Node.h(1,1): warning C4828: 文件包含在偏移 0x838 处开始的字符，该字符在当前源字符集中无效(代码页 65001)。
C:\Users\yue\Documents\GitHub\rust_compiler\CompilerForRust\CompilerForRust\Node.h(1,1): warning C4828: 文件包含在偏移 0x865 处开始的字符，该字符在当前源字符集中无效(代码页 65001)。
C:\Users\yue\Documents\GitHub\rust_compiler\CompilerForRust\CompilerForRust\Node.h(1,1): warning C4828: 文件包含在偏移 0x866 处开始的字符，该字符在当前源字符集中无效(代码页 65001)。
C:\Users\yue\Documents\GitHub\rust_compiler\CompilerForRust\CompilerForRust\Node.h(1,1): warning C4828: 文件包含在偏移 0x867 处开始的字符，该字符在当前源字符集中无效(代码页 65001)。
C:\Users\yue\Documents\GitHub\rust_compiler\CompilerForRust\CompilerForRust\Node.h(1,1): warning C4828: 文件包含在偏移 0x869 处开始的字符，该字符在当前源字符集中无效(代码页 65001)。
C:\Users\yue\Documents\GitHub\rust_compiler\CompilerForRust\CompilerForRust\Node.h(1,1): warning C4828: 文件包含在偏移 0x86a 处开始的字符，该字符在当前源字符集中无效(代码页 65001)。
C:\Users\yue\Documents\GitHub\rust_compiler\CompilerForRust\CompilerForRust\Node.h(1,1): warning C4828: 文件包含在偏移 0x86b 处开始的字符，该字符在当前源字符集中无效(代码页 65001)。
C:\Users\yue\Documents\GitHub\rust_compiler\CompilerForRust\CompilerForRust\Node.h(1,1): warning C4828: 文件包含在偏移 0x86c 处开始的字符，该字符在当前源字符集中无效(代码页 65001)。
C:\Users\yue\Documents\GitHub\rust_compiler\CompilerForRust\CompilerForRust\Node.h(1,1): warning C4828: 文件包含在偏移 0x897 处开始的字符，该字符在当前源字符集中无效(代码页 65001)。
C:\Users\yue\Documents\GitHub\rust_compiler\CompilerForRust\CompilerForRust\Node.h(1,1): warning C4828: 文件包含在偏移 0x899 处开始的字符，该字符在当前源字符集中无效(代码页 65001)。
C:\Users\yue\Documents\GitHub\rust_compiler\CompilerForRust\CompilerForRust\Node.h(1,1): warning C4828: 文件包含在偏移 0x89a 处开始的字符，该字符在当前源字符集中无效(代码页 65001)。
C:\Users\yue\Documents\GitHub\rust_compiler\CompilerForRust\CompilerForRust\Node.h(1,1): warning C4828: 文件包含在偏移 0x8c7 处开始的字符，该字符在当前源字符集中无效(代码页 65001)。
C:\Users\yue\Documents\GitHub\rust_compiler\CompilerForRust\CompilerForRust\Node.h(1,1): warning C4828: 文件包含在偏移 0x8c9 处开始的字符，该字符在当前源字符集中无效(代码页 65001)。
C:\Users\yue\Documents\GitHub\rust_compiler\CompilerForRust\CompilerForRust\Node.h(1,1): warning C4828: 文件包含在偏移 0x8cb 处开始的字符，该字符在当前源字符集中无效(代码页 65001)。
C:\Users\yue\Documents\GitHub\rust_compiler\CompilerForRust\CompilerForRust\Node.h(1,1): warning C4828: 文件包含在偏移 0x8cd 处开始的字符，该字符在当前源字符集中无效(代码页 65001)。
C:\Users\yue\Documents\GitHub\rust_compiler\CompilerForRust\CompilerForRust\Node.h(1,1): warning C4828: 文件包含在偏移 0x8ce 处开始的字符，该字符在当前源字符集中无效(代码页 65001)。
C:\Users\yue\Documents\GitHub\rust_compiler\CompilerForRust\CompilerForRust\Node.h(1,1): warning C4828: 文件包含在偏移 0x8f7 处开始的字符，该字符在当前源字符集中无效(代码页 65001)。
C:\Users\yue\Documents\GitHub\rust_compiler\CompilerForRust\CompilerForRust\Node.h(1,1): warning C4828: 文件包含在偏移 0x8f9 处开始的字符，该字符在当前源字符集中无效(代码页 65001)。
C:\Users\yue\Documents\GitHub\rust_compiler\CompilerForRust\CompilerForRust\Node.h(1,1): warning C4828: 文件包含在偏移 0x8fb 处开始的字符，该字符在当前源字符集中无效(代码页 65001)。
C:\Users\yue\Documents\GitHub\rust_compiler\CompilerForRust\CompilerForRust\Node.h(1,1): warning C4828: 文件包含在偏移 0x8fd 处开始的字符，该字符在当前源字符集中无效(代码页 65001)。
C:\Users\yue\Documents\GitHub\rust_compiler\CompilerForRust\CompilerForRust\Node.h(1,1): warning C4828: 文件包含在偏移 0x8fe 处开始的字符，该字符在当前源字符集中无效(代码页 65001)。
C:\Users\yue\Documents\GitHub\rust_compiler\CompilerForRust\CompilerForRust\Node.h(1,1): warning C4828: 文件包含在偏移 0x97f 处开始的字符，该字符在当前源字符集中无效(代码页 65001)。
C:\Users\yue\Documents\GitHub\rust_compiler\CompilerForRust\CompilerForRust\Node.h(1,1): warning C4828: 文件包含在偏移 0x982 处开始的字符，该字符在当前源字符集中无效(代码页 65001)。
C:\Users\yue\Documents\GitHub\rust_compiler\CompilerForRust\CompilerForRust\Node.h(1,1): warning C4828: 文件包含在偏移 0x985 处开始的字符，该字符在当前源字符集中无效(代码页 65001)。
C:\Users\yue\Documents\GitHub\rust_compiler\CompilerForRust\CompilerForRust\Node.h(1,1): warning C4828: 文件包含在偏移 0x986 处开始的字符，该字符在当前源字符集中无效(代码页 65001)。
C:\Users\yue\Documents\GitHub\rust_compiler\CompilerForRust\CompilerForRust\Node.h(1,1): warning C4828: 文件包含在偏移 0xa19 处开始的字符，该字符在当前源字符集中无效(代码页 65001)。
C:\Users\yue\Documents\GitHub\rust_compiler\CompilerForRust\CompilerForRust\Node.h(1,1): warning C4828: 文件包含在偏移 0xa1a 处开始的字符，该字符在当前源字符集中无效(代码页 65001)。
C:\Users\yue\Documents\GitHub\rust_compiler\CompilerForRust\CompilerForRust\Node.h(1,1): warning C4828: 文件包含在偏移 0xa1d 处开始的字符，该字符在当前源字符集中无效(代码页 65001)。
C:\Users\yue\Documents\GitHub\rust_compiler\CompilerForRust\CompilerForRust\Node.h(1,1): warning C4828: 文件包含在偏移 0xa1e 处开始的字符，该字符在当前源字符集中无效(代码页 65001)。
C:\Users\yue\Documents\GitHub\rust_compiler\CompilerForRust\CompilerForRust\Node.h(1,1): warning C4828: 文件包含在偏移 0xb02 处开始的字符，该字符在当前源字符集中无效(代码页 65001)。
C:\Users\yue\Documents\GitHub\rust_compiler\CompilerForRust\CompilerForRust\Node.h(1,1): warning C4828: 文件包含在偏移 0xb03 处开始的字符，该字符在当前源字符集中无效(代码页 65001)。
C:\Users\yue\Documents\GitHub\rust_compiler\CompilerForRust\CompilerForRust\Node.h(1,1): warning C4828: 文件包含在偏移 0xb06 处开始的字符，该字符在当前源字符集中无效(代码页 65001)。
C:\Users\yue\Documents\GitHub\rust_compiler\CompilerForRust\CompilerForRust\Node.h(1,1): warning C4828: 文件包含在偏移 0xb07 处开始的字符，该字符在当前源字符集中无效(代码页 65001)。
C:\Users\yue\Documents\GitHub\rust_compiler\CompilerForRust\CompilerForRust\Node.h(1,1): warning C4828: 文件包含在偏移 0xc0f 处开始的字符，该字符在当前源字符集中无效(代码页 65001)。
C:\Users\yue\Documents\GitHub\rust_compiler\CompilerForRust\CompilerForRust\Node.h(1,1): warning C4828: 文件包含在偏移 0xc10 处开始的字符，该字符在当前源字符集中无效(代码页 65001)。
C:\Users\yue\Documents\GitHub\rust_compiler\CompilerForRust\CompilerForRust\Node.h(1,1): warning C4828: 文件包含在偏移 0xc84 处开始的字符，该字符在当前源字符集中无效(代码页 65001)。
C:\Users\yue\Documents\GitHub\rust_compiler\CompilerForRust\CompilerForRust\Node.h(1,1): warning C4828: 文件包含在偏移 0xc85 处开始的字符，该字符在当前源字符集中无效(代码页 65001)。
C:\Users\yue\Documents\GitHub\rust_compiler\CompilerForRust\CompilerForRust\Node.h(1,1): warning C4828: 文件包含在偏移 0xc86 处开始的字符，该字符在当前源字符集中无效(代码页 65001)。
C:\Users\yue\Documents\GitHub\rust_compiler\CompilerForRust\CompilerForRust\Node.h(1,1): warning C4828: 文件包含在偏移 0xc88 处开始的字符，该字符在当前源字符集中无效(代码页 65001)。
C:\Users\yue\Documents\GitHub\rust_compiler\CompilerForRust\CompilerForRust\Node.h(1,1): warning C4828: 文件包含在偏移 0xd06 处开始的字符，该字符在当前源字符集中无效(代码页 65001)。
C:\Users\yue\Documents\GitHub\rust_compiler\CompilerForRust\CompilerForRust\Node.h(1,1): warning C4828: 文件包含在偏移 0xd08 处开始的字符，该字符在当前源字符集中无效(代码页 65001)。
C:\Users\yue\Documents\GitHub\rust_compiler\CompilerForRust\CompilerForRust\Node.h(1,1): warning C4828: 文件包含在偏移 0xd09 处开始的字符，该字符在当前源字符集中无效(代码页 65001)。
C:\Users\yue\Documents\GitHub\rust_compiler\CompilerForRust\CompilerForRust\Node.h(1,1): warning C4828: 文件包含在偏移 0xd0a 处开始的字符，该字符在当前源字符集中无效(代码页 65001)。
C:\Users\yue\Documents\GitHub\rust_compiler\CompilerForRust\CompilerForRust\Node.h(1,1): warning C4828: 文件包含在偏移 0xd0c 处开始的字符，该字符在当前源字符集中无效(代码页 65001)。
C:\Users\yue\Documents\GitHub\rust_compiler\CompilerForRust\CompilerForRust\Node.h(1,1): warning C4828: 文件包含在偏移 0xd0f 处开始的字符，该字符在当前源字符集中无效(代码页 65001)。
C:\Users\yue\Documents\GitHub\rust_compiler\CompilerForRust\CompilerForRust\Node.h(1,1): warning C4828: 文件包含在偏移 0xd12 处开始的字符，该字符在当前源字符集中无效(代码页 65001)。
C:\Users\yue\Documents\GitHub\rust_compiler\CompilerForRust\CompilerForRust\Node.h(1,1): warning C4828: 文件包含在偏移 0xf46 处开始的字符，该字符在当前源字符集中无效(代码页 65001)。
C:\Users\yue\Documents\GitHub\rust_compiler\CompilerForRust\CompilerForRust\Node.h(1,1): warning C4828: 文件包含在偏移 0xf48 处开始的字符，该字符在当前源字符集中无效(代码页 65001)。
C:\Users\yue\Documents\GitHub\rust_compiler\CompilerForRust\CompilerForRust\Node.h(1,1): warning C4828: 文件包含在偏移 0xf49 处开始的字符，该字符在当前源字符集中无效(代码页 65001)。
C:\Users\yue\Documents\GitHub\rust_compiler\CompilerForRust\CompilerForRust\Node.h(1,1): warning C4828: 文件包含在偏移 0xf4a 处开始的字符，该字符在当前源字符集中无效(代码页 65001)。
C:\Users\yue\Documents\GitHub\rust_compiler\CompilerForRust\CompilerForRust\Node.h(1,1): warning C4828: 文件包含在偏移 0xf4c 处开始的字符，该字符在当前源字符集中无效(代码页 65001)。
C:\Users\yue\Documents\GitHub\rust_compiler\CompilerForRust\CompilerForRust\Node.h(1,1): warning C4828: 文件包含在偏移 0xf4d 处开始的字符，该字符在当前源字符集中无效(代码页 65001)。
C:\Users\yue\Documents\GitHub\rust_compiler\CompilerForRust\CompilerForRust\Node.h(1,1): warning C4828: 文件包含在偏移 0xf66 处开始的字符，该字符在当前源字符集中无效(代码页 65001)。
C:\Users\yue\Documents\GitHub\rust_compiler\CompilerForRust\CompilerForRust\Node.h(1,1): warning C4828: 文件包含在偏移 0xf97 处开始的字符，该字符在当前源字符集中无效(代码页 65001)。
C:\Users\yue\Documents\GitHub\rust_compiler\CompilerForRust\CompilerForRust\Node.h(1,1): warning C4828: 文件包含在偏移 0xf99 处开始的字符，该字符在当前源字符集中无效(代码页 65001)。
C:\Users\yue\Documents\GitHub\rust_compiler\CompilerForRust\CompilerForRust\Node.h(1,1): warning C4828: 文件包含在偏移 0xf9a 处开始的字符，该字符在当前源字符集中无效(代码页 65001)。
C:\Users\yue\Documents\GitHub\rust_compiler\CompilerForRust\CompilerForRust\Node.h(1,1): warning C4828: 文件包含在偏移 0xf9b 处开始的字符，该字符在当前源字符集中无效(代码页 65001)。
C:\Users\yue\Documents\GitHub\rust_compiler\CompilerForRust\CompilerForRust\Node.h(1,1): warning C4828: 文件包含在偏移 0xf9d 处开始的字符，该字符在当前源字符集中无效(代码页 65001)。
C:\Users\yue\Documents\GitHub\rust_compiler\CompilerForRust\CompilerForRust\Node.h(1,1): warning C4828: 文件包含在偏移 0xfa0 处开始的字符，该字符在当前源字符集中无效(代码页 65001)。
C:\Users\yue\Documents\GitHub\rust_compiler\CompilerForRust\CompilerForRust\Node.h(1,1): warning C4828: 文件包含在偏移 0xfa3 处开始的字符，该字符在当前源字符集中无效(代码页 65001)。
C:\Users\yue\Documents\GitHub\rust_compiler\CompilerForRust\CompilerForRust\Node.h(1,1): warning C4828: 文件包含在偏移 0xfd3 处开始的字符，该字符在当前源字符集中无效(代码页 65001)。
C:\Users\yue\Documents\GitHub\rust_compiler\CompilerForRust\CompilerForRust\Node.h(1,1): warning C4828: 文件包含在偏移 0xfd5 处开始的字符，该字符在当前源字符集中无效(代码页 65001)。
C:\Users\yue\Documents\GitHub\rust_compiler\CompilerForRust\CompilerForRust\Node.h(1,1): warning C4828: 文件包含在偏移 0xfd6 处开始的字符，该字符在当前源字符集中无效(代码页 65001)。
C:\Users\yue\Documents\GitHub\rust_compiler\CompilerForRust\CompilerForRust\Node.h(1,1): warning C4828: 文件包含在偏移 0xfd7 处开始的字符，该字符在当前源字符集中无效(代码页 65001)。
C:\Users\yue\Documents\GitHub\rust_compiler\CompilerForRust\CompilerForRust\Node.h(1,1): warning C4828: 文件包含在偏移 0xfd9 处开始的字符，该字符在当前源字符集中无效(代码页 65001)。
C:\Users\yue\Documents\GitHub\rust_compiler\CompilerForRust\CompilerForRust\Node.h(1,1): warning C4828: 文件包含在偏移 0xfdc 处开始的字符，该字符在当前源字符集中无效(代码页 65001)。
C:\Users\yue\Documents\GitHub\rust_compiler\CompilerForRust\CompilerForRust\Node.h(1,1): warning C4828: 文件包含在偏移 0x110c 处开始的字符，该字符在当前源字符集中无效(代码页 65001)。
C:\Users\yue\Documents\GitHub\rust_compiler\CompilerForRust\CompilerForRust\Node.h(1,1): warning C4828: 文件包含在偏移 0x110d 处开始的字符，该字符在当前源字符集中无效(代码页 65001)。
C:\Users\yue\Documents\GitHub\rust_compiler\CompilerForRust\CompilerForRust\Node.h(1,1): warning C4828: 文件包含在偏移 0x110e 处开始的字符，该字符在当前源字符集中无效(代码页 65001)。
C:\Users\yue\Documents\GitHub\rust_compiler\CompilerForRust\CompilerForRust\Node.h(1,1): warning C4828: 文件包含在偏移 0x110f 处开始的字符，该字符在当前源字符集中无效(代码页 65001)。
C:\Users\yue\Documents\GitHub\rust_compiler\CompilerForRust\CompilerForRust\Node.h(1,1): warning C4828: 文件包含在偏移 0x115c 处开始的字符，该字符在当前源字符集中无效(代码页 65001)。
C:\Users\yue\Documents\GitHub\rust_compiler\CompilerForRust\CompilerForRust\Node.h(1,1): warning C4828: 文件包含在偏移 0x115d 处开始的字符，该字符在当前源字符集中无效(代码页 65001)。
C:\Users\yue\Documents\GitHub\rust_compiler\CompilerForRust\CompilerForRust\Node.h(1,1): warning C4828: 文件包含在偏移 0x115e 处开始的字符，该字符在当前源字符集中无效(代码页 65001)。
C:\Users\yue\Documents\GitHub\rust_compiler\CompilerForRust\CompilerForRust\Node.h(1,1): warning C4828: 文件包含在偏移 0x1161 处开始的字符，该字符在当前源字符集中无效(代码页 65001)。
C:\Users\yue\Documents\GitHub\rust_compiler\CompilerForRust\CompilerForRust\Node.h(1,1): warning C4828: 文件包含在偏移 0x118c 处开始的字符，该字符在当前源字符集中无效(代码页 65001)。
C:\Users\yue\Documents\GitHub\rust_compiler\CompilerForRust\CompilerForRust\Node.h(1,1): warning C4828: 文件包含在偏移 0x118d 处开始的字符，该字符在当前源字符集中无效(代码页 65001)。
C:\Users\yue\Documents\GitHub\rust_compiler\CompilerForRust\CompilerForRust\Node.h(1,1): warning C4828: 文件包含在偏移 0x1190 处开始的字符，该字符在当前源字符集中无效(代码页 65001)。
C:\Users\yue\Documents\GitHub\rust_compiler\CompilerForRust\CompilerForRust\Node.h(1,1): warning C4828: 文件包含在偏移 0x1191 处开始的字符，该字符在当前源字符集中无效(代码页 65001)。
C:\Users\yue\Documents\GitHub\rust_compiler\CompilerForRust\CompilerForRust\Node.h(1,1): warning C4828: 文件包含在偏移 0x1192 处开始的字符，该字符在当前源字符集中无效(代码页 65001)。
C:\Users\yue\Documents\GitHub\rust_compiler\CompilerForRust\CompilerForRust\Node.h(1,1): warning C4828: 文件包含在偏移 0x1194 处开始的字符，该字符在当前源字符集中无效(代码页 65001)。
C:\Users\yue\Documents\GitHub\rust_compiler\CompilerForRust\CompilerForRust\Node.h(1,1): warning C4828: 文件包含在偏移 0x1195 处开始的字符，该字符在当前源字符集中无效(代码页 65001)。
C:\Users\yue\Documents\GitHub\rust_compiler\CompilerForRust\CompilerForRust\Node.h(1,1): warning C4828: 文件包含在偏移 0x1196 处开始的字符，该字符在当前源字符集中无效(代码页 65001)。
C:\Users\yue\Documents\GitHub\rust_compiler\CompilerForRust\CompilerForRust\Node.h(1,1): warning C4828: 文件包含在偏移 0x11c2 处开始的字符，该字符在当前源字符集中无效(代码页 65001)。
C:\Users\yue\Documents\GitHub\rust_compiler\CompilerForRust\CompilerForRust\Node.h(1,1): warning C4828: 文件包含在偏移 0x11c3 处开始的字符，该字符在当前源字符集中无效(代码页 65001)。
C:\Users\yue\Documents\GitHub\rust_compiler\CompilerForRust\CompilerForRust\Node.h(1,1): warning C4828: 文件包含在偏移 0x11c4 处开始的字符，该字符在当前源字符集中无效(代码页 65001)。
C:\Users\yue\Documents\GitHub\rust_compiler\CompilerForRust\CompilerForRust\Node.h(1,1): warning C4828: 文件包含在偏移 0x11c5 处开始的字符，该字符在当前源字符集中无效(代码页 65001)。
C:\Users\yue\Documents\GitHub\rust_compiler\CompilerForRust\CompilerForRust\Node.h(1,1): warning C4828: 文件包含在偏移 0x11c9 处开始的字符，该字符在当前源字符集中无效(代码页 65001)。
C:\Users\yue\Documents\GitHub\rust_compiler\CompilerForRust\CompilerForRust\Node.h(1,1): warning C4828: 文件包含在偏移 0x11f4 处开始的字符，该字符在当前源字符集中无效(代码页 65001)。
C:\Users\yue\Documents\GitHub\rust_compiler\CompilerForRust\CompilerForRust\Node.h(1,1): warning C4828: 文件包含在偏移 0x11f5 处开始的字符，该字符在当前源字符集中无效(代码页 65001)。
C:\Users\yue\Documents\GitHub\rust_compiler\CompilerForRust\CompilerForRust\Node.h(1,1): warning C4828: 文件包含在偏移 0x11f6 处开始的字符，该字符在当前源字符集中无效(代码页 65001)。
C:\Users\yue\Documents\GitHub\rust_compiler\CompilerForRust\CompilerForRust\Node.h(1,1): warning C4828: 文件包含在偏移 0x11f8 处开始的字符，该字符在当前源字符集中无效(代码页 65001)。
C:\Users\yue\Documents\GitHub\rust_compiler\CompilerForRust\CompilerForRust\Node.h(1,1): warning C4828: 文件包含在偏移 0x11f9 处开始的字符，该字符在当前源字符集中无效(代码页 65001)。
C:\Users\yue\Documents\GitHub\rust_compiler\CompilerForRust\CompilerForRust\Node.h(1,1): warning C4828: 文件包含在偏移 0x11fa 处开始的字符，该字符在当前源字符集中无效(代码页 65001)。
C:\Users\yue\Documents\GitHub\rust_compiler\CompilerForRust\CompilerForRust\Node.h(1,1): warning C4828: 文件包含在偏移 0x11fb 处开始的字符，该字符在当前源字符集中无效(代码页 65001)。
C:\Users\yue\Documents\GitHub\rust_compiler\CompilerForRust\CompilerForRust\Node.h(1,1): warning C4828: 文件包含在偏移 0x1224 处开始的字符，该字符在当前源字符集中无效(代码页 65001)。
C:\Users\yue\Documents\GitHub\rust_compiler\CompilerForRust\CompilerForRust\Node.h(1,1): warning C4828: 文件包含在偏移 0x1226 处开始的字符，该字符在当前源字符集中无效(代码页 65001)。
C:\Users\yue\Documents\GitHub\rust_compiler\CompilerForRust\CompilerForRust\Node.h(1,1): warning C4828: 文件包含在偏移 0x1227 处开始的字符，该字符在当前源字符集中无效(代码页 65001)。
C:\Users\yue\Documents\GitHub\rust_compiler\CompilerForRust\CompilerForRust\Node.h(1,1): warning C4828: 文件包含在偏移 0x1252 处开始的字符，该字符在当前源字符集中无效(代码页 65001)。
C:\Users\yue\Documents\GitHub\rust_compiler\CompilerForRust\CompilerForRust\Node.h(1,1): warning C4828: 文件包含在偏移 0x1254 处开始的字符，该字符在当前源字符集中无效(代码页 65001)。
C:\Users\yue\Documents\GitHub\rust_compiler\CompilerForRust\CompilerForRust\Node.h(1,1): warning C4828: 文件包含在偏移 0x1256 处开始的字符，该字符在当前源字符集中无效(代码页 65001)。
C:\Users\yue\Documents\GitHub\rust_compiler\CompilerForRust\CompilerForRust\Node.h(1,1): warning C4828: 文件包含在偏移 0x1258 处开始的字符，该字符在当前源字符集中无效(代码页 65001)。
C:\Users\yue\Documents\GitHub\rust_compiler\CompilerForRust\CompilerForRust\Node.h(1,1): warning C4828: 文件包含在偏移 0x1259 处开始的字符，该字符在当前源字符集中无效(代码页 65001)。
C:\Users\yue\Documents\GitHub\rust_compiler\CompilerForRust\CompilerForRust\Node.h(1,1): warning C4828: 文件包含在偏移 0x1280 处开始的字符，该字符在当前源字符集中无效(代码页 65001)。
C:\Users\yue\Documents\GitHub\rust_compiler\CompilerForRust\CompilerForRust\Node.h(1,1): warning C4828: 文件包含在偏移 0x1282 处开始的字符，该字符在当前源字符集中无效(代码页 65001)。
C:\Users\yue\Documents\GitHub\rust_compiler\CompilerForRust\CompilerForRust\Node.h(1,1): warning C4828: 文件包含在偏移 0x1284 处开始的字符，该字符在当前源字符集中无效(代码页 65001)。
C:\Users\yue\Documents\GitHub\rust_compiler\CompilerForRust\CompilerForRust\Node.h(1,1): warning C4828: 文件包含在偏移 0x1286 处开始的字符，该字符在当前源字符集中无效(代码页 65001)。
C:\Users\yue\Documents\GitHub\rust_compiler\CompilerForRust\CompilerForRust\Node.h(1,1): warning C4828: 文件包含在偏移 0x1287 处开始的字符，该字符在当前源字符集中无效(代码页 65001)。
C:\Users\yue\Documents\GitHub\rust_compiler\CompilerForRust\CompilerForRust\Node.h(1,1): warning C4828: 文件包含在偏移 0x1300 处开始的字符，该字符在当前源字符集中无效(代码页 65001)。
C:\Users\yue\Documents\GitHub\rust_compiler\CompilerForRust\CompilerForRust\Node.h(1,1): warning C4828: 文件包含在偏移 0x1303 处开始的字符，该字符在当前源字符集中无效(代码页 65001)。
C:\Users\yue\Documents\GitHub\rust_compiler\CompilerForRust\CompilerForRust\Node.h(1,1): warning C4828: 文件包含在偏移 0x1306 处开始的字符，该字符在当前源字符集中无效(代码页 65001)。
C:\Users\yue\Documents\GitHub\rust_compiler\CompilerForRust\CompilerForRust\Node.h(1,1): warning C4828: 文件包含在偏移 0x1307 处开始的字符，该字符在当前源字符集中无效(代码页 65001)。
C:\Users\yue\Documents\GitHub\rust_compiler\CompilerForRust\CompilerForRust\Node.h(1,1): warning C4828: 文件包含在偏移 0x138e 处开始的字符，该字符在当前源字符集中无效(代码页 65001)。
C:\Users\yue\Documents\GitHub\rust_compiler\CompilerForRust\CompilerForRust\Node.h(1,1): warning C4828: 文件包含在偏移 0x138f 处开始的字符，该字符在当前源字符集中无效(代码页 65001)。
C:\Users\yue\Documents\GitHub\rust_compiler\CompilerForRust\CompilerForRust\Node.h(1,1): warning C4828: 文件包含在偏移 0x1392 处开始的字符，该字符在当前源字符集中无效(代码页 65001)。
C:\Users\yue\Documents\GitHub\rust_compiler\CompilerForRust\CompilerForRust\Node.h(1,1): warning C4828: 文件包含在偏移 0x1393 处开始的字符，该字符在当前源字符集中无效(代码页 65001)。
C:\Users\yue\Documents\GitHub\rust_compiler\CompilerForRust\CompilerForRust\Node.h(1,1): warning C4828: 文件包含在偏移 0x1463 处开始的字符，该字符在当前源字符集中无效(代码页 65001)。
C:\Users\yue\Documents\GitHub\rust_compiler\CompilerForRust\CompilerForRust\Node.h(1,1): warning C4828: 文件包含在偏移 0x1464 处开始的字符，该字符在当前源字符集中无效(代码页 65001)。
C:\Users\yue\Documents\GitHub\rust_compiler\CompilerForRust\CompilerForRust\Node.h(1,1): warning C4828: 文件包含在偏移 0x1467 处开始的字符，该字符在当前源字符集中无效(代码页 65001)。
C:\Users\yue\Documents\GitHub\rust_compiler\CompilerForRust\CompilerForRust\Node.h(1,1): warning C4828: 文件包含在偏移 0x1468 处开始的字符，该字符在当前源字符集中无效(代码页 65001)。
C:\Users\yue\Documents\GitHub\rust_compiler\CompilerForRust\CompilerForRust\Node.h(1,1): warning C4828: 文件包含在偏移 0x1566 处开始的字符，该字符在当前源字符集中无效(代码页 65001)。
C:\Users\yue\Documents\GitHub\rust_compiler\CompilerForRust\CompilerForRust\Node.h(1,1): warning C4828: 文件包含在偏移 0x1567 处开始的字符，该字符在当前源字符集中无效(代码页 65001)。
C:\Users\yue\Documents\GitHub\rust_compiler\CompilerForRust\CompilerForRust\Node.h(1,1): warning C4828: 文件包含在偏移 0x15d3 处开始的字符，该字符在当前源字符集中无效(代码页 65001)。
C:\Users\yue\Documents\GitHub\rust_compiler\CompilerForRust\CompilerForRust\Node.h(1,1): warning C4828: 文件包含在偏移 0x15d4 处开始的字符，该字符在当前源字符集中无效(代码页 65001)。
C:\Users\yue\Documents\GitHub\rust_compiler\CompilerForRust\CompilerForRust\Node.h(1,1): warning C4828: 文件包含在偏移 0x15d5 处开始的字符，该字符在当前源字符集中无效(代码页 65001)。
C:\Users\yue\Documents\GitHub\rust_compiler\CompilerForRust\CompilerForRust\Node.h(1,1): warning C4828: 文件包含在偏移 0x15d7 处开始的字符，该字符在当前源字符集中无效(代码页 65001)。
C:\Users\yue\Documents\GitHub\rust_compiler\CompilerForRust\CompilerForRust\Node.h(1,1): warning C4828: 文件包含在偏移 0x164f 处开始的字符，该字符在当前源字符集中无效(代码页 65001)。
C:\Users\yue\Documents\GitHub\rust_compiler\CompilerForRust\CompilerForRust\Node.h(1,1): warning C4828: 文件包含在偏移 0x1651 处开始的字符，该字符在当前源字符集中无效(代码页 65001)。
C:\Users\yue\Documents\GitHub\rust_compiler\CompilerForRust\CompilerForRust\Node.h(1,1): warning C4828: 文件包含在偏移 0x1652 处开始的字符，该字符在当前源字符集中无效(代码页 65001)。
C:\Users\yue\Documents\GitHub\rust_compiler\CompilerForRust\CompilerForRust\Node.h(1,1): warning C4828: 文件包含在偏移 0x1653 处开始的字符，该字符在当前源字符集中无效(代码页 65001)。
C:\Users\yue\Documents\GitHub\rust_compiler\CompilerForRust\CompilerForRust\Node.h(1,1): warning C4828: 文件包含在偏移 0x1655 处开始的字符，该字符在当前源字符集中无效(代码页 65001)。
C:\Users\yue\Documents\GitHub\rust_compiler\CompilerForRust\CompilerForRust\Node.h(1,1): warning C4828: 文件包含在偏移 0x1658 处开始的字符，该字符在当前源字符集中无效(代码页 65001)。
C:\Users\yue\Documents\GitHub\rust_compiler\CompilerForRust\CompilerForRust\Node.h(1,1): warning C4828: 文件包含在偏移 0x165b 处开始的字符，该字符在当前源字符集中无效(代码页 65001)。
C:\Users\yue\Documents\GitHub\rust_compiler\CompilerForRust\CompilerForRust\Node.h(1,1): warning C4828: 文件包含在偏移 0x1878 处开始的字符，该字符在当前源字符集中无效(代码页 65001)。
C:\Users\yue\Documents\GitHub\rust_compiler\CompilerForRust\CompilerForRust\Node.h(1,1): warning C4828: 文件包含在偏移 0x187a 处开始的字符，该字符在当前源字符集中无效(代码页 65001)。
C:\Users\yue\Documents\GitHub\rust_compiler\CompilerForRust\CompilerForRust\Node.h(1,1): warning C4828: 文件包含在偏移 0x187b 处开始的字符，该字符在当前源字符集中无效(代码页 65001)。
C:\Users\yue\Documents\GitHub\rust_compiler\CompilerForRust\CompilerForRust\Node.h(1,1): warning C4828: 文件包含在偏移 0x187c 处开始的字符，该字符在当前源字符集中无效(代码页 65001)。
C:\Users\yue\Documents\GitHub\rust_compiler\CompilerForRust\CompilerForRust\Node.h(1,1): warning C4828: 文件包含在偏移 0x187e 处开始的字符，该字符在当前源字符集中无效(代码页 65001)。
C:\Users\yue\Documents\GitHub\rust_compiler\CompilerForRust\CompilerForRust\Node.h(1,1): warning C4828: 文件包含在偏移 0x187f 处开始的字符，该字符在当前源字符集中无效(代码页 65001)。
C:\Users\yue\Documents\GitHub\rust_compiler\CompilerForRust\CompilerForRust\Node.h(1,1): warning C4828: 文件包含在偏移 0x1891 处开始的字符，该字符在当前源字符集中无效(代码页 65001)。
C:\Users\yue\Documents\GitHub\rust_compiler\CompilerForRust\CompilerForRust\Node.h(1,1): warning C4828: 文件包含在偏移 0x18bf 处开始的字符，该字符在当前源字符集中无效(代码页 65001)。
C:\Users\yue\Documents\GitHub\rust_compiler\CompilerForRust\CompilerForRust\Node.h(1,1): warning C4828: 文件包含在偏移 0x18c1 处开始的字符，该字符在当前源字符集中无效(代码页 65001)。
C:\Users\yue\Documents\GitHub\rust_compiler\CompilerForRust\CompilerForRust\Node.h(1,1): warning C4828: 文件包含在偏移 0x18c2 处开始的字符，该字符在当前源字符集中无效(代码页 65001)。
C:\Users\yue\Documents\GitHub\rust_compiler\CompilerForRust\CompilerForRust\Node.h(1,1): warning C4828: 文件包含在偏移 0x18c3 处开始的字符，该字符在当前源字符集中无效(代码页 65001)。
C:\Users\yue\Documents\GitHub\rust_compiler\CompilerForRust\CompilerForRust\Node.h(1,1): warning C4828: 文件包含在偏移 0x18c5 处开始的字符，该字符在当前源字符集中无效(代码页 65001)。
C:\Users\yue\Documents\GitHub\rust_compiler\CompilerForRust\CompilerForRust\Node.h(1,1): warning C4828: 文件包含在偏移 0x18c8 处开始的字符，该字符在当前源字符集中无效(代码页 65001)。
C:\Users\yue\Documents\GitHub\rust_compiler\CompilerForRust\CompilerForRust\Node.h(1,1): warning C4828: 文件包含在偏移 0x18cb 处开始的字符，该字符在当前源字符集中无效(代码页 65001)。
C:\Users\yue\Documents\GitHub\rust_compiler\CompilerForRust\CompilerForRust\Node.h(1,1): warning C4828: 文件包含在偏移 0x18fa 处开始的字符，该字符在当前源字符集中无效(代码页 65001)。
C:\Users\yue\Documents\GitHub\rust_compiler\CompilerForRust\CompilerForRust\Node.h(1,1): warning C4828: 文件包含在偏移 0x18fc 处开始的字符，该字符在当前源字符集中无效(代码页 65001)。
C:\Users\yue\Documents\GitHub\rust_compiler\CompilerForRust\CompilerForRust\Node.h(1,1): warning C4828: 文件包含在偏移 0x18fd 处开始的字符，该字符在当前源字符集中无效(代码页 65001)。
C:\Users\yue\Documents\GitHub\rust_compiler\CompilerForRust\CompilerForRust\Node.h(1,1): warning C4828: 文件包含在偏移 0x18fe 处开始的字符，该字符在当前源字符集中无效(代码页 65001)。
C:\Users\yue\Documents\GitHub\rust_compiler\CompilerForRust\CompilerForRust\Node.h(1,1): warning C4828: 文件包含在偏移 0x1900 处开始的字符，该字符在当前源字符集中无效(代码页 65001)。
C:\Users\yue\Documents\GitHub\rust_compiler\CompilerForRust\CompilerForRust\Node.h(1,1): warning C4828: 文件包含在偏移 0x1903 处开始的字符，该字符在当前源字符集中无效(代码页 65001)。
C:\Users\yue\Documents\GitHub\rust_compiler\CompilerForRust\CompilerForRust\Node.h(1,1): warning C4828: 文件包含在偏移 0x1a24 处开始的字符，该字符在当前源字符集中无效(代码页 65001)。
C:\Users\yue\Documents\GitHub\rust_compiler\CompilerForRust\CompilerForRust\Node.h(1,1): warning C4828: 文件包含在偏移 0x1a25 处开始的字符，该字符在当前源字符集中无效(代码页 65001)。
C:\Users\yue\Documents\GitHub\rust_compiler\CompilerForRust\CompilerForRust\Node.h(1,1): warning C4828: 文件包含在偏移 0x1a26 处开始的字符，该字符在当前源字符集中无效(代码页 65001)。
C:\Users\yue\Documents\GitHub\rust_compiler\CompilerForRust\CompilerForRust\Node.h(1,1): warning C4828: 文件包含在偏移 0x1a27 处开始的字符，该字符在当前源字符集中无效(代码页 65001)。
C:\doc\llvm\llvm-10.0.1.src\include\llvm\Support\MathExtras.h(416,31): warning C4146: 一元负运算符应用于无符号类型，结果仍为无符号类型
C:\doc\llvm\llvm-10.0.1.src\include\llvm\ADT\APInt.h(1828,20): warning C4244: “return”: 从“uint64_t”转换到“unsigned int”，可能丢失数据
C:\doc\llvm\llvm-10.0.1.src\include\llvm\ADT\SmallVector.h(44,18): warning C4267: “初始化”: 从“size_t”转换到“unsigned int”，可能丢失数据
C:\doc\llvm\llvm-10.0.1.src\include\llvm\ADT\SmallVector.h(68,1): warning C4267: “=”: 从“size_t”转换到“unsigned int”，可能丢失数据
C:\doc\llvm\llvm-10.0.1.src\include\llvm\ADT\DenseMapInfo.h(279,1): warning C4267: “return”: 从“size_t”转换到“unsigned int”，可能丢失数据
C:\doc\llvm\llvm-10.0.1.src\include\llvm\ADT\StringExtras.h(72,13): warning C4146: 一元负运算符应用于无符号类型，结果仍为无符号类型
C:\doc\llvm\llvm-10.0.1.src\include\llvm\ADT\StringExtras.h(79,64): warning C4146: 一元负运算符应用于无符号类型，结果仍为无符号类型
C:\doc\llvm\llvm-10.0.1.src\include\llvm\ADT\StringExtras.h(163,3): warning C4146: 一元负运算符应用于无符号类型，结果仍为无符号类型
C:\doc\llvm\llvm-10.0.1.src\include\llvm\Support\type_traits.h(92,1): warning C4624: “llvm::detail::trivial_helper<T>”: 已将析构函数隐式定义为“已删除”
          with
          [
              T=std::string
          ]
C:\Program Files (x86)\Microsoft Visual Studio\2019\Community\VC\Tools\MSVC\14.28.29333\include\type_traits(630): message : 查看对正在编译的 类 模板 实例化“llvm::detail::trivial_helper<T>”的引用
          with
          [
              T=std::string
          ]
C:\doc\llvm\llvm-10.0.1.src\include\llvm\Support\type_traits.h(145): message : 查看对正在编译的 类 模板 实例化“std::is_copy_constructible<llvm::detail::trivial_helper<T>>”的引用
          with
          [
              T=std::string
          ]
C:\doc\llvm\llvm-10.0.1.src\include\llvm\ADT\SmallVector.h(315): message : 查看对正在编译的 类 模板 实例化“llvm::is_trivially_copyable<T>”的引用
          with
          [
              T=std::string
          ]
C:\doc\llvm\llvm-10.0.1.src\include\llvm\ADT\SmallVector.h(837): message : 查看对正在编译的 类 模板 实例化“llvm::SmallVectorImpl<T>”的引用
          with
          [
              T=std::string
          ]
C:\doc\llvm\llvm-10.0.1.src\include\llvm\Support\Error.h(987): message : 查看对正在编译的 类 模板 实例化“llvm::SmallVector<std::string,2>”的引用
C:\doc\llvm\llvm-10.0.1.src\include\llvm\IR\DerivedTypes.h(469,22): warning C4244: “初始化”: 从“uint64_t”转换到“unsigned int”，可能丢失数据
C:\doc\llvm\llvm-10.0.1.src\include\llvm\IR\DerivedTypes.h(500,24): warning C4244: “初始化”: 从“uint64_t”转换到“unsigned int”，可能丢失数据
C:\doc\llvm\llvm-10.0.1.src\include\llvm\IR\DerivedTypes.h(557,29): warning C4244: “return”: 从“uint64_t”转换到“unsigned int”，可能丢失数据
C:\doc\llvm\llvm-10.0.1.src\include\llvm\IR\DerivedTypes.h(567,48): warning C4244: “return”: 从“uint64_t”转换到“unsigned int”，可能丢失数据
C:\doc\llvm\llvm-10.0.1.src\include\llvm\IR\User.h(48,32): warning C4141: “inline”: 使用了多次
C:\doc\llvm\llvm-10.0.1.src\include\llvm\IR\GlobalObject.h(77,12): warning C4244: “return”: 从“uint64_t”转换到“unsigned int”，可能丢失数据
C:\doc\llvm\llvm-10.0.1.src\include\llvm\IR\Function.h(348,23): warning C4244: “return”: 从“uint64_t”转换到“unsigned int”，可能丢失数据
C:\doc\llvm\llvm-10.0.1.src\include\llvm\IR\Function.h(442,23): warning C4244: “return”: 从“uint64_t”转换到“unsigned int”，可能丢失数据
C:\doc\llvm\llvm-10.0.1.src\include\llvm\Support\type_traits.h(92,1): warning C4624: “llvm::detail::trivial_helper<T>”: 已将析构函数隐式定义为“已删除”
          with
          [
              T=std::unique_ptr<llvm::Module,std::default_delete<llvm::Module>>
          ]
C:\Program Files (x86)\Microsoft Visual Studio\2019\Community\VC\Tools\MSVC\14.28.29333\include\type_traits(630): message : 查看对正在编译的 类 模板 实例化“llvm::detail::trivial_helper<T>”的引用
          with
          [
              T=std::unique_ptr<llvm::Module,std::default_delete<llvm::Module>>
          ]
C:\doc\llvm\llvm-10.0.1.src\include\llvm\Support\type_traits.h(145): message : 查看对正在编译的 类 模板 实例化“std::is_copy_constructible<llvm::detail::trivial_helper<T>>”的引用
          with
          [
              T=std::unique_ptr<llvm::Module,std::default_delete<llvm::Module>>
          ]
C:\doc\llvm\llvm-10.0.1.src\include\llvm\ADT\SmallVector.h(315): message : 查看对正在编译的 类 模板 实例化“llvm::is_trivially_copyable<T>”的引用
          with
          [
              T=std::unique_ptr<llvm::Module,std::default_delete<llvm::Module>>
          ]
C:\doc\llvm\llvm-10.0.1.src\include\llvm\ADT\SmallVector.h(837): message : 查看对正在编译的 类 模板 实例化“llvm::SmallVectorImpl<T>”的引用
          with
          [
              T=std::unique_ptr<llvm::Module,std::default_delete<llvm::Module>>
          ]
C:\doc\llvm\llvm-10.0.1.src\include\llvm\ExecutionEngine\ExecutionEngine.h(134): message : 查看对正在编译的 类 模板 实例化“llvm::SmallVector<std::unique_ptr<llvm::Module,std::default_delete<llvm::Module>>,1>”的引用
C:\doc\llvm\llvm-10.0.1.src\include\llvm\ExecutionEngine\MCJIT.h(29,16): warning C4996: 'getenv': This function or variable may be unsafe. Consider using _dupenv_s instead. To disable deprecation, use _CRT_SECURE_NO_WARNINGS. See online help for details.
C:\doc\llvm\llvm-10.0.1.src\include\llvm\MC\SubtargetFeature.h(60,1): warning C4146: 一元负运算符应用于无符号类型，结果仍为无符号类型
C:\doc\llvm\llvm-10.0.1.src\include\llvm\MC\SubtargetFeature.h(106,1): warning C4267: “初始化”: 从“size_t”转换到“unsigned int”，可能丢失数据
C:\doc\llvm\llvm-10.0.1.src\include\llvm\MC\SubtargetFeature.h(118,1): warning C4267: “初始化”: 从“size_t”转换到“unsigned int”，可能丢失数据
C:\doc\llvm\llvm-10.0.1.src\include\llvm\MC\SubtargetFeature.h(130,1): warning C4267: “初始化”: 从“size_t”转换到“unsigned int”，可能丢失数据
C:\doc\llvm\llvm-10.0.1.src\include\llvm\MC\SubtargetFeature.h(155,1): warning C4267: “初始化”: 从“size_t”转换到“unsigned int”，可能丢失数据
C:\doc\llvm\llvm-10.0.1.src\include\llvm\Object\ObjectFile.h(573,1): warning C4267: “return”: 从“size_t”转换到“unsigned int”，可能丢失数据
C:\doc\llvm\llvm-10.0.1.src\include\llvm\Support\type_traits.h(92,1): warning C4624: “llvm::detail::trivial_helper<T>”: 已将析构函数隐式定义为“已删除”
          with
          [
              T=llvm::DILineInfo
          ]
C:\Program Files (x86)\Microsoft Visual Studio\2019\Community\VC\Tools\MSVC\14.28.29333\include\type_traits(630): message : 查看对正在编译的 类 模板 实例化“llvm::detail::trivial_helper<T>”的引用
          with
          [
              T=llvm::DILineInfo
          ]
C:\doc\llvm\llvm-10.0.1.src\include\llvm\Support\type_traits.h(145): message : 查看对正在编译的 类 模板 实例化“std::is_copy_constructible<llvm::detail::trivial_helper<T>>”的引用
          with
          [
              T=llvm::DILineInfo
          ]
C:\doc\llvm\llvm-10.0.1.src\include\llvm\ADT\SmallVector.h(315): message : 查看对正在编译的 类 模板 实例化“llvm::is_trivially_copyable<T>”的引用
          with
          [
              T=llvm::DILineInfo
          ]
C:\doc\llvm\llvm-10.0.1.src\include\llvm\ADT\SmallVector.h(837): message : 查看对正在编译的 类 模板 实例化“llvm::SmallVectorImpl<T>”的引用
          with
          [
              T=llvm::DILineInfo
          ]
C:\doc\llvm\llvm-10.0.1.src\include\llvm\DebugInfo\DIContext.h(82): message : 查看对正在编译的 类 模板 实例化“llvm::SmallVector<llvm::DILineInfo,4>”的引用
C:\doc\llvm\llvm-10.0.1.src\include\llvm\DebugInfo\DIContext.h(98,1): warning C4267: “return”: 从“size_t”转换到“uint32_t”，可能丢失数据
C:\doc\llvm\llvm-10.0.1.src\include\llvm\DebugInfo\DIContext.h(173,30): warning C4146: 一元负运算符应用于无符号类型，结果仍为无符号类型
C:\doc\llvm\llvm-10.0.1.src\include\llvm\DebugInfo\DIContext.h(174,31): warning C4146: 一元负运算符应用于无符号类型，结果仍为无符号类型
C:\doc\llvm\llvm-10.0.1.src\include\llvm\DebugInfo\DIContext.h(196,1): warning C4146: 一元负运算符应用于无符号类型，结果仍为无符号类型
C:\doc\llvm\llvm-10.0.1.src\include\llvm\DebugInfo\DIContext.h(198,1): warning C4146: 一元负运算符应用于无符号类型，结果仍为无符号类型
C:\doc\llvm\llvm-10.0.1.src\include\llvm\IR\InstrTypes.h(1185,25): warning C4244: “return”: 从“__int64”转换到“unsigned int”，可能丢失数据
C:\doc\llvm\llvm-10.0.1.src\include\llvm\IR\InstrTypes.h(1207,14): warning C4244: “return”: 从“__int64”转换到“unsigned int”，可能丢失数据
C:\doc\llvm\llvm-10.0.1.src\include\llvm\IR\InstrTypes.h(1234,48): warning C4244: “return”: 从“__int64”转换到“unsigned int”，可能丢失数据
C:\doc\llvm\llvm-10.0.1.src\include\llvm\IR\InstrTypes.h(1279,14): warning C4244: “return”: 从“__int64”转换到“unsigned int”，可能丢失数据
C:\doc\llvm\llvm-10.0.1.src\include\llvm\IR\InstrTypes.h(1592,23): warning C4244: “return”: 从“uint64_t”转换到“unsigned int”，可能丢失数据
C:\doc\llvm\llvm-10.0.1.src\include\llvm\IR\InstrTypes.h(1604,23): warning C4244: “return”: 从“uint64_t”转换到“unsigned int”，可能丢失数据
C:\doc\llvm\llvm-10.0.1.src\include\llvm\IR\InstrTypes.h(1765,25): warning C4244: “return”: 从“__int64”转换到“unsigned int”，可能丢失数据
C:\doc\llvm\llvm-10.0.1.src\include\llvm\IR\InstrTypes.h(1793,53): warning C4244: “参数”: 从“__int64”转换到“unsigned int”，可能丢失数据
C:\doc\llvm\llvm-10.0.1.src\include\llvm\Support\type_traits.h(92,1): warning C4624: “llvm::detail::trivial_helper<T>”: 已将析构函数隐式定义为“已删除”
          with
          [
              T=llvm::OperandBundleDef
          ]
C:\Program Files (x86)\Microsoft Visual Studio\2019\Community\VC\Tools\MSVC\14.28.29333\include\type_traits(630): message : 查看对正在编译的 类 模板 实例化“llvm::detail::trivial_helper<T>”的引用
          with
          [
              T=llvm::OperandBundleDef
          ]
C:\doc\llvm\llvm-10.0.1.src\include\llvm\Support\type_traits.h(145): message : 查看对正在编译的 类 模板 实例化“std::is_copy_constructible<llvm::detail::trivial_helper<T>>”的引用
          with
          [
              T=llvm::OperandBundleDef
          ]
C:\doc\llvm\llvm-10.0.1.src\include\llvm\ADT\SmallVector.h(315): message : 查看对正在编译的 类 模板 实例化“llvm::is_trivially_copyable<T>”的引用
          with
          [
              T=llvm::OperandBundleDef
          ]
C:\doc\llvm\llvm-10.0.1.src\include\llvm\IR\InstrTypes.h(1881): message : 查看对正在编译的 类 模板 实例化“llvm::SmallVectorImpl<llvm::OperandBundleDef>”的引用
C:\doc\llvm\llvm-10.0.1.src\include\llvm\IR\InstrTypes.h(2127,1): warning C4267: “+=”: 从“size_t”转换到“unsigned int”，可能丢失数据
C:\doc\llvm\llvm-10.0.1.src\include\llvm\IR\Instructions.h(114,23): warning C4244: “return”: 从“uint64_t”转换到“unsigned int”，可能丢失数据
C:\doc\llvm\llvm-10.0.1.src\include\llvm\IR\Instructions.h(246,23): warning C4244: “return”: 从“uint64_t”转换到“unsigned int”，可能丢失数据
C:\doc\llvm\llvm-10.0.1.src\include\llvm\IR\Instructions.h(378,23): warning C4244: “return”: 从“uint64_t”转换到“unsigned int”，可能丢失数据
C:\doc\llvm\llvm-10.0.1.src\include\llvm\IR\Instructions.h(1457,1): warning C4267: “参数”: 从“size_t”转换到“int”，可能丢失数据
C:\doc\llvm\llvm-10.0.1.src\include\llvm\IR\Instructions.h(1466,1): warning C4267: “参数”: 从“size_t”转换到“int”，可能丢失数据
C:\doc\llvm\llvm-10.0.1.src\include\llvm\IR\Instructions.h(1467,1): warning C4267: “初始化”: 从“size_t”转换到“unsigned int”，可能丢失数据
C:\doc\llvm\llvm-10.0.1.src\include\llvm\IR\Instructions.h(1467,1): warning C4267: “初始化”: 从“size_t”转换到“const unsigned int”，可能丢失数据
C:\doc\llvm\llvm-10.0.1.src\include\llvm\IR\Instructions.h(1480,1): warning C4267: “参数”: 从“size_t”转换到“int”，可能丢失数据
C:\doc\llvm\llvm-10.0.1.src\include\llvm\IR\Instructions.h(1488,1): warning C4267: “参数”: 从“size_t”转换到“int”，可能丢失数据
C:\doc\llvm\llvm-10.0.1.src\include\llvm\IR\Instructions.h(1489,1): warning C4267: “初始化”: 从“size_t”转换到“unsigned int”，可能丢失数据
C:\doc\llvm\llvm-10.0.1.src\include\llvm\IR\Instructions.h(1489,1): warning C4267: “初始化”: 从“size_t”转换到“const unsigned int”，可能丢失数据
C:\doc\llvm\llvm-10.0.1.src\include\llvm\IR\Instructions.h(3236,24): warning C4244: “参数”: 从“ptrdiff_t”转换到“unsigned int”，可能丢失数据
C:\doc\llvm\llvm-10.0.1.src\include\llvm\Support\type_traits.h(92,1): warning C4624: “llvm::detail::trivial_helper<T>”: 已将析构函数隐式定义为“已删除”
          with
          [
              T=llvm::SmallVector<unsigned int,8>
          ]
C:\Program Files (x86)\Microsoft Visual Studio\2019\Community\VC\Tools\MSVC\14.28.29333\include\type_traits(630): message : 查看对正在编译的 类 模板 实例化“llvm::detail::trivial_helper<T>”的引用
          with
          [
              T=llvm::SmallVector<unsigned int,8>
          ]
C:\doc\llvm\llvm-10.0.1.src\include\llvm\Support\type_traits.h(145): message : 查看对正在编译的 类 模板 实例化“std::is_copy_constructible<llvm::detail::trivial_helper<T>>”的引用
          with
          [
              T=llvm::SmallVector<unsigned int,8>
          ]
C:\doc\llvm\llvm-10.0.1.src\include\llvm\ADT\Optional.h(216): message : 查看对正在编译的 类 模板 实例化“llvm::is_trivially_copyable<T>”的引用
          with
          [
              T=llvm::SmallVector<unsigned int,8>
          ]
C:\doc\llvm\llvm-10.0.1.src\include\llvm\IR\Instructions.h(3473): message : 查看对正在编译的 类 模板 实例化“llvm::Optional<llvm::SmallVector<unsigned int,8>>”的引用
C:\doc\llvm\llvm-10.0.1.src\include\llvm\IR\Instructions.h(3710,1): warning C4267: “参数”: 从“size_t”转换到“int”，可能丢失数据
C:\doc\llvm\llvm-10.0.1.src\include\llvm\IR\Instructions.h(3722,1): warning C4267: “参数”: 从“size_t”转换到“int”，可能丢失数据
C:\doc\llvm\llvm-10.0.1.src\include\llvm\IR\Instructions.h(3723,1): warning C4267: “初始化”: 从“size_t”转换到“unsigned int”，可能丢失数据
C:\doc\llvm\llvm-10.0.1.src\include\llvm\IR\Instructions.h(3733,1): warning C4267: “参数”: 从“size_t”转换到“int”，可能丢失数据
C:\doc\llvm\llvm-10.0.1.src\include\llvm\IR\Instructions.h(3744,1): warning C4267: “参数”: 从“size_t”转换到“int”，可能丢失数据
C:\doc\llvm\llvm-10.0.1.src\include\llvm\IR\Instructions.h(3745,1): warning C4267: “初始化”: 从“size_t”转换到“unsigned int”，可能丢失数据
C:\doc\llvm\llvm-10.0.1.src\include\llvm\IR\Instructions.h(3971,1): warning C4267: “参数”: 从“size_t”转换到“int”，可能丢失数据
C:\doc\llvm\llvm-10.0.1.src\include\llvm\IR\Instructions.h(3985,1): warning C4267: “参数”: 从“size_t”转换到“int”，可能丢失数据
C:\doc\llvm\llvm-10.0.1.src\include\llvm\IR\Instructions.h(3986,1): warning C4267: “初始化”: 从“size_t”转换到“unsigned int”，可能丢失数据
C:\doc\llvm\llvm-10.0.1.src\include\llvm\IR\Instructions.h(3998,1): warning C4267: “参数”: 从“size_t”转换到“int”，可能丢失数据
C:\doc\llvm\llvm-10.0.1.src\include\llvm\IR\Instructions.h(4011,1): warning C4267: “参数”: 从“size_t”转换到“int”，可能丢失数据
C:\doc\llvm\llvm-10.0.1.src\include\llvm\IR\Instructions.h(4012,1): warning C4267: “初始化”: 从“size_t”转换到“unsigned int”，可能丢失数据
C:\doc\llvm\llvm-10.0.1.src\include\llvm\IR\Instructions.h(4412,1): warning C4267: “初始化”: 从“size_t”转换到“unsigned int”，可能丢失数据
C:\doc\llvm\llvm-10.0.1.src\include\llvm\IR\Instructions.h(4419,1): warning C4267: “初始化”: 从“size_t”转换到“unsigned int”，可能丢失数据
C:\doc\llvm\llvm-10.0.1.src\include\llvm\IR\Instructions.h(4453,1): warning C4267: “初始化”: 从“size_t”转换到“unsigned int”，可能丢失数据
C:\doc\llvm\llvm-10.0.1.src\include\llvm\IR\Instructions.h(4460,1): warning C4267: “初始化”: 从“size_t”转换到“unsigned int”，可能丢失数据
C:\doc\llvm\llvm-10.0.1.src\include\llvm\Support\SourceMgr.h(138,1): warning C4267: “return”: 从“size_t”转换到“unsigned int”，可能丢失数据
C:\doc\llvm\llvm-10.0.1.src\include\llvm\Support\SourceMgr.h(159,1): warning C4267: “return”: 从“size_t”转换到“unsigned int”，可能丢失数据
C:\doc\llvm\llvm-10.0.1.src\include\llvm\Support\type_traits.h(92,1): warning C4624: “llvm::detail::trivial_helper<T>”: 已将析构函数隐式定义为“已删除”
          with
          [
              T=llvm::SMFixIt
          ]
C:\Program Files (x86)\Microsoft Visual Studio\2019\Community\VC\Tools\MSVC\14.28.29333\include\type_traits(630): message : 查看对正在编译的 类 模板 实例化“llvm::detail::trivial_helper<T>”的引用
          with
          [
              T=llvm::SMFixIt
          ]
C:\doc\llvm\llvm-10.0.1.src\include\llvm\Support\type_traits.h(145): message : 查看对正在编译的 类 模板 实例化“std::is_copy_constructible<llvm::detail::trivial_helper<T>>”的引用
          with
          [
              T=llvm::SMFixIt
          ]
C:\doc\llvm\llvm-10.0.1.src\include\llvm\ADT\SmallVector.h(315): message : 查看对正在编译的 类 模板 实例化“llvm::is_trivially_copyable<T>”的引用
          with
          [
              T=llvm::SMFixIt
          ]
C:\doc\llvm\llvm-10.0.1.src\include\llvm\ADT\SmallVector.h(837): message : 查看对正在编译的 类 模板 实例化“llvm::SmallVectorImpl<T>”的引用
          with
          [
              T=llvm::SMFixIt
          ]
C:\doc\llvm\llvm-10.0.1.src\include\llvm\Support\SourceMgr.h(270): message : 查看对正在编译的 类 模板 实例化“llvm::SmallVector<llvm::SMFixIt,4>”的引用
C:\doc\llvm\llvm-10.0.1.src\include\llvm\IR\IntrinsicInst.h(484,54): warning C4244: “return”: 从“uint64_t”转换到“uint32_t”，可能丢失数据
C:\doc\llvm\llvm-10.0.1.src\include\llvm\IR\Operator.h(116,1): warning C4624: “llvm::OverflowingBinaryOperator”: 已将析构函数隐式定义为“已删除”
C:\doc\llvm\llvm-10.0.1.src\include\llvm\IR\Operator.h(157,1): warning C4624: “llvm::PossiblyExactOperator”: 已将析构函数隐式定义为“已删除”
C:\doc\llvm\llvm-10.0.1.src\include\llvm\IR\Operator.h(408,1): warning C4624: “llvm::FPMathOperator”: 已将析构函数隐式定义为“已删除”
C:\doc\llvm\llvm-10.0.1.src\include\llvm\IR\Operator.h(424,1): warning C4624: “llvm::ConcreteOperator<llvm::OverflowingBinaryOperator,13>”: 已将析构函数隐式定义为“已删除”
C:\doc\llvm\llvm-10.0.1.src\include\llvm\IR\Operator.h(427): message : 查看对正在编译的 类 模板 实例化“llvm::ConcreteOperator<llvm::OverflowingBinaryOperator,13>”的引用
C:\doc\llvm\llvm-10.0.1.src\include\llvm\IR\Operator.h(428,1): warning C4624: “llvm::AddOperator”: 已将析构函数隐式定义为“已删除”
C:\doc\llvm\llvm-10.0.1.src\include\llvm\IR\Operator.h(424,1): warning C4624: “llvm::ConcreteOperator<llvm::OverflowingBinaryOperator,15>”: 已将析构函数隐式定义为“已删除”
C:\doc\llvm\llvm-10.0.1.src\include\llvm\IR\Operator.h(430): message : 查看对正在编译的 类 模板 实例化“llvm::ConcreteOperator<llvm::OverflowingBinaryOperator,15>”的引用
C:\doc\llvm\llvm-10.0.1.src\include\llvm\IR\Operator.h(431,1): warning C4624: “llvm::SubOperator”: 已将析构函数隐式定义为“已删除”
C:\doc\llvm\llvm-10.0.1.src\include\llvm\IR\Operator.h(424,1): warning C4624: “llvm::ConcreteOperator<llvm::OverflowingBinaryOperator,17>”: 已将析构函数隐式定义为“已删除”
C:\doc\llvm\llvm-10.0.1.src\include\llvm\IR\Operator.h(433): message : 查看对正在编译的 类 模板 实例化“llvm::ConcreteOperator<llvm::OverflowingBinaryOperator,17>”的引用
C:\doc\llvm\llvm-10.0.1.src\include\llvm\IR\Operator.h(434,1): warning C4624: “llvm::MulOperator”: 已将析构函数隐式定义为“已删除”
C:\doc\llvm\llvm-10.0.1.src\include\llvm\IR\Operator.h(424,1): warning C4624: “llvm::ConcreteOperator<llvm::OverflowingBinaryOperator,25>”: 已将析构函数隐式定义为“已删除”
C:\doc\llvm\llvm-10.0.1.src\include\llvm\IR\Operator.h(436): message : 查看对正在编译的 类 模板 实例化“llvm::ConcreteOperator<llvm::OverflowingBinaryOperator,25>”的引用
C:\doc\llvm\llvm-10.0.1.src\include\llvm\IR\Operator.h(437,1): warning C4624: “llvm::ShlOperator”: 已将析构函数隐式定义为“已删除”
C:\doc\llvm\llvm-10.0.1.src\include\llvm\IR\Operator.h(424,1): warning C4624: “llvm::ConcreteOperator<llvm::PossiblyExactOperator,20>”: 已将析构函数隐式定义为“已删除”
C:\doc\llvm\llvm-10.0.1.src\include\llvm\IR\Operator.h(440): message : 查看对正在编译的 类 模板 实例化“llvm::ConcreteOperator<llvm::PossiblyExactOperator,20>”的引用
C:\doc\llvm\llvm-10.0.1.src\include\llvm\IR\Operator.h(441,1): warning C4624: “llvm::SDivOperator”: 已将析构函数隐式定义为“已删除”
C:\doc\llvm\llvm-10.0.1.src\include\llvm\IR\Operator.h(424,1): warning C4624: “llvm::ConcreteOperator<llvm::PossiblyExactOperator,19>”: 已将析构函数隐式定义为“已删除”
C:\doc\llvm\llvm-10.0.1.src\include\llvm\IR\Operator.h(443): message : 查看对正在编译的 类 模板 实例化“llvm::ConcreteOperator<llvm::PossiblyExactOperator,19>”的引用
C:\doc\llvm\llvm-10.0.1.src\include\llvm\IR\Operator.h(444,1): warning C4624: “llvm::UDivOperator”: 已将析构函数隐式定义为“已删除”
C:\doc\llvm\llvm-10.0.1.src\include\llvm\IR\Operator.h(424,1): warning C4624: “llvm::ConcreteOperator<llvm::PossiblyExactOperator,27>”: 已将析构函数隐式定义为“已删除”
C:\doc\llvm\llvm-10.0.1.src\include\llvm\IR\Operator.h(446): message : 查看对正在编译的 类 模板 实例化“llvm::ConcreteOperator<llvm::PossiblyExactOperator,27>”的引用
C:\doc\llvm\llvm-10.0.1.src\include\llvm\IR\Operator.h(447,1): warning C4624: “llvm::AShrOperator”: 已将析构函数隐式定义为“已删除”
C:\doc\llvm\llvm-10.0.1.src\include\llvm\IR\Operator.h(424,1): warning C4624: “llvm::ConcreteOperator<llvm::PossiblyExactOperator,26>”: 已将析构函数隐式定义为“已删除”
C:\doc\llvm\llvm-10.0.1.src\include\llvm\IR\Operator.h(449): message : 查看对正在编译的 类 模板 实例化“llvm::ConcreteOperator<llvm::PossiblyExactOperator,26>”的引用
C:\doc\llvm\llvm-10.0.1.src\include\llvm\IR\Operator.h(450,1): warning C4624: “llvm::LShrOperator”: 已将析构函数隐式定义为“已删除”
C:\doc\llvm\llvm-10.0.1.src\include\llvm\IR\Operator.h(424,1): warning C4624: “llvm::ConcreteOperator<llvm::Operator,39>”: 已将析构函数隐式定义为“已删除”
C:\doc\llvm\llvm-10.0.1.src\include\llvm\IR\Operator.h(452): message : 查看对正在编译的 类 模板 实例化“llvm::ConcreteOperator<llvm::Operator,39>”的引用
C:\doc\llvm\llvm-10.0.1.src\include\llvm\IR\Operator.h(452,76): warning C4624: “llvm::ZExtOperator”: 已将析构函数隐式定义为“已删除”
C:\doc\llvm\llvm-10.0.1.src\include\llvm\IR\Operator.h(424,1): warning C4624: “llvm::ConcreteOperator<llvm::Operator,34>”: 已将析构函数隐式定义为“已删除”
C:\doc\llvm\llvm-10.0.1.src\include\llvm\IR\Operator.h(455): message : 查看对正在编译的 类 模板 实例化“llvm::ConcreteOperator<llvm::Operator,34>”的引用
C:\doc\llvm\llvm-10.0.1.src\include\llvm\IR\Operator.h(557,1): warning C4624: “llvm::GEPOperator”: 已将析构函数隐式定义为“已删除”
C:\doc\llvm\llvm-10.0.1.src\include\llvm\IR\Operator.h(543,20): warning C4244: “return”: 从“std::_Iterator_traits_pointer_base<_Ty,true>::difference_type”转换到“unsigned int”，可能丢失数据
          with
          [
              _Ty=const llvm::Use
          ]
C:\doc\llvm\llvm-10.0.1.src\include\llvm\IR\Operator.h(424,1): warning C4624: “llvm::ConcreteOperator<llvm::Operator,47>”: 已将析构函数隐式定义为“已删除”
C:\doc\llvm\llvm-10.0.1.src\include\llvm\IR\Operator.h(560): message : 查看对正在编译的 类 模板 实例化“llvm::ConcreteOperator<llvm::Operator,47>”的引用
C:\doc\llvm\llvm-10.0.1.src\include\llvm\IR\Operator.h(585,1): warning C4624: “llvm::PtrToIntOperator”: 已将析构函数隐式定义为“已删除”
C:\doc\llvm\llvm-10.0.1.src\include\llvm\IR\Operator.h(424,1): warning C4624: “llvm::ConcreteOperator<llvm::Operator,49>”: 已将析构函数隐式定义为“已删除”
C:\doc\llvm\llvm-10.0.1.src\include\llvm\IR\Operator.h(588): message : 查看对正在编译的 类 模板 实例化“llvm::ConcreteOperator<llvm::Operator,49>”的引用
C:\doc\llvm\llvm-10.0.1.src\include\llvm\IR\Operator.h(600,1): warning C4624: “llvm::BitCastOperator”: 已将析构函数隐式定义为“已删除”
C:\doc\llvm\llvm-10.0.1.src\include\llvm\Support\type_traits.h(80,1): warning C4624: “llvm::detail::copy_construction_triviality_helper<T>”: 已将析构函数隐式定义为“已删除”
          with
          [
              T=llvm::Any
          ]
C:\Program Files (x86)\Microsoft Visual Studio\2019\Community\VC\Tools\MSVC\14.28.29333\include\type_traits(630): message : 查看对正在编译的 类 模板 实例化“llvm::detail::copy_construction_triviality_helper<T>”的引用
          with
          [
              T=llvm::Any
          ]
C:\doc\llvm\llvm-10.0.1.src\include\llvm\Support\type_traits.h(101): message : 查看对正在编译的 类 模板 实例化“std::is_copy_constructible<llvm::detail::copy_construction_triviality_helper<T>>”的引用
          with
          [
              T=llvm::Any
          ]
C:\doc\llvm\llvm-10.0.1.src\include\llvm\ADT\FunctionExtras.h(75): message : 查看对正在编译的 类 模板 实例化“llvm::is_trivially_copy_constructible<llvm::Any>”的引用
C:\doc\llvm\llvm-10.0.1.src\include\llvm\ADT\FunctionExtras.h(75): message : 查看对正在编译的 别名 模板 实例化“llvm::unique_function<llvm::PassInstrumentationCallbacks::BeforePassFunc>::AdjustedParamT<llvm::Any>”的引用
C:\doc\llvm\llvm-10.0.1.src\include\llvm\Support\type_traits.h(91): message : 查看对正在编译的 类 模板 实例化“llvm::unique_function<llvm::PassInstrumentationCallbacks::BeforePassFunc>”的引用
C:\Program Files (x86)\Microsoft Visual Studio\2019\Community\VC\Tools\MSVC\14.28.29333\include\type_traits(630): message : 查看对正在编译的 类 模板 实例化“llvm::detail::trivial_helper<T>”的引用
          with
          [
              T=llvm::unique_function<llvm::PassInstrumentationCallbacks::BeforePassFunc>
          ]
C:\doc\llvm\llvm-10.0.1.src\include\llvm\Support\type_traits.h(145): message : 查看对正在编译的 类 模板 实例化“std::is_copy_constructible<llvm::detail::trivial_helper<T>>”的引用
          with
          [
              T=llvm::unique_function<llvm::PassInstrumentationCallbacks::BeforePassFunc>
          ]
C:\doc\llvm\llvm-10.0.1.src\include\llvm\ADT\SmallVector.h(315): message : 查看对正在编译的 类 模板 实例化“llvm::is_trivially_copyable<T>”的引用
          with
          [
              T=llvm::unique_function<llvm::PassInstrumentationCallbacks::BeforePassFunc>
          ]
C:\doc\llvm\llvm-10.0.1.src\include\llvm\ADT\SmallVector.h(837): message : 查看对正在编译的 类 模板 实例化“llvm::SmallVectorImpl<T>”的引用
          with
          [
              T=llvm::unique_function<llvm::PassInstrumentationCallbacks::BeforePassFunc>
          ]
C:\doc\llvm\llvm-10.0.1.src\include\llvm\IR\PassInstrumentation.h(117): message : 查看对正在编译的 类 模板 实例化“llvm::SmallVector<llvm::unique_function<llvm::PassInstrumentationCallbacks::BeforePassFunc>,4>”的引用
C:\doc\llvm\llvm-10.0.1.src\include\llvm\Support\type_traits.h(87,1): warning C4624: “llvm::detail::move_construction_triviality_helper<T>”: 已将析构函数隐式定义为“已删除”
          with
          [
              T=llvm::Any
          ]
C:\Program Files (x86)\Microsoft Visual Studio\2019\Community\VC\Tools\MSVC\14.28.29333\include\type_traits(661): message : 查看对正在编译的 类 模板 实例化“llvm::detail::move_construction_triviality_helper<T>”的引用
          with
          [
              T=llvm::Any
          ]
C:\doc\llvm\llvm-10.0.1.src\include\llvm\Support\type_traits.h(112): message : 查看对正在编译的 类 模板 实例化“std::is_move_constructible<llvm::detail::move_construction_triviality_helper<T>>”的引用
          with
          [
              T=llvm::Any
          ]
C:\doc\llvm\llvm-10.0.1.src\include\llvm\ADT\FunctionExtras.h(75): message : 查看对正在编译的 类 模板 实例化“llvm::is_trivially_move_constructible<llvm::Any>”的引用
C:\doc\llvm\llvm-10.0.1.src\include\llvm\Support\type_traits.h(92,1): warning C4624: “llvm::detail::trivial_helper<T>”: 已将析构函数隐式定义为“已删除”
          with
          [
              T=llvm::unique_function<llvm::PassInstrumentationCallbacks::BeforePassFunc>
          ]
C:\doc\llvm\llvm-10.0.1.src\include\llvm\Support\type_traits.h(92,1): warning C4624: “llvm::detail::trivial_helper<T>”: 已将析构函数隐式定义为“已删除”
          with
          [
              T=llvm::unique_function<llvm::PassInstrumentationCallbacks::AfterPassFunc>
          ]
C:\Program Files (x86)\Microsoft Visual Studio\2019\Community\VC\Tools\MSVC\14.28.29333\include\type_traits(630): message : 查看对正在编译的 类 模板 实例化“llvm::detail::trivial_helper<T>”的引用
          with
          [
              T=llvm::unique_function<llvm::PassInstrumentationCallbacks::AfterPassFunc>
          ]
C:\doc\llvm\llvm-10.0.1.src\include\llvm\Support\type_traits.h(145): message : 查看对正在编译的 类 模板 实例化“std::is_copy_constructible<llvm::detail::trivial_helper<T>>”的引用
          with
          [
              T=llvm::unique_function<llvm::PassInstrumentationCallbacks::AfterPassFunc>
          ]
C:\doc\llvm\llvm-10.0.1.src\include\llvm\ADT\SmallVector.h(315): message : 查看对正在编译的 类 模板 实例化“llvm::is_trivially_copyable<T>”的引用
          with
          [
              T=llvm::unique_function<llvm::PassInstrumentationCallbacks::AfterPassFunc>
          ]
C:\doc\llvm\llvm-10.0.1.src\include\llvm\ADT\SmallVector.h(837): message : 查看对正在编译的 类 模板 实例化“llvm::SmallVectorImpl<T>”的引用
          with
          [
              T=llvm::unique_function<llvm::PassInstrumentationCallbacks::AfterPassFunc>
          ]
C:\doc\llvm\llvm-10.0.1.src\include\llvm\IR\PassInstrumentation.h(118): message : 查看对正在编译的 类 模板 实例化“llvm::SmallVector<llvm::unique_function<llvm::PassInstrumentationCallbacks::AfterPassFunc>,4>”的引用
C:\doc\llvm\llvm-10.0.1.src\include\llvm\Support\type_traits.h(92,1): warning C4624: “llvm::detail::trivial_helper<T>”: 已将析构函数隐式定义为“已删除”
          with
          [
              T=llvm::unique_function<llvm::PassInstrumentationCallbacks::AfterPassInvalidatedFunc>
          ]
C:\Program Files (x86)\Microsoft Visual Studio\2019\Community\VC\Tools\MSVC\14.28.29333\include\type_traits(630): message : 查看对正在编译的 类 模板 实例化“llvm::detail::trivial_helper<T>”的引用
          with
          [
              T=llvm::unique_function<llvm::PassInstrumentationCallbacks::AfterPassInvalidatedFunc>
          ]
C:\doc\llvm\llvm-10.0.1.src\include\llvm\Support\type_traits.h(145): message : 查看对正在编译的 类 模板 实例化“std::is_copy_constructible<llvm::detail::trivial_helper<T>>”的引用
          with
          [
              T=llvm::unique_function<llvm::PassInstrumentationCallbacks::AfterPassInvalidatedFunc>
          ]
C:\doc\llvm\llvm-10.0.1.src\include\llvm\ADT\SmallVector.h(315): message : 查看对正在编译的 类 模板 实例化“llvm::is_trivially_copyable<T>”的引用
          with
          [
              T=llvm::unique_function<llvm::PassInstrumentationCallbacks::AfterPassInvalidatedFunc>
          ]
C:\doc\llvm\llvm-10.0.1.src\include\llvm\ADT\SmallVector.h(837): message : 查看对正在编译的 类 模板 实例化“llvm::SmallVectorImpl<T>”的引用
          with
          [
              T=llvm::unique_function<llvm::PassInstrumentationCallbacks::AfterPassInvalidatedFunc>
          ]
C:\doc\llvm\llvm-10.0.1.src\include\llvm\IR\PassInstrumentation.h(120): message : 查看对正在编译的 类 模板 实例化“llvm::SmallVector<llvm::unique_function<llvm::PassInstrumentationCallbacks::AfterPassInvalidatedFunc>,4>”的引用
C:\doc\llvm\llvm-10.0.1.src\include\llvm\IR\Instructions.h(3194,64): warning C4244: “参数”: 从“ptrdiff_t”转换到“unsigned int”，可能丢失数据
C:\doc\llvm\llvm-10.0.1.src\include\llvm\IR\Instructions.h(3191): message : 在编译 类 模板 成员函数“ConstantIntT *llvm::SwitchInst::CaseHandleImpl<const llvm::SwitchInst,ConstantIntT,const llvm::BasicBlock>::getCaseValue(void) const”时
          with
          [
              ConstantIntT=const llvm::ConstantInt
          ]
C:\doc\llvm\llvm-10.0.1.src\include\llvm\IR\Instructions.h(3407): message : 查看对正在编译的函数 模板 实例化“ConstantIntT *llvm::SwitchInst::CaseHandleImpl<const llvm::SwitchInst,ConstantIntT,const llvm::BasicBlock>::getCaseValue(void) const”的引用
          with
          [
              ConstantIntT=const llvm::ConstantInt
          ]
C:\doc\llvm\llvm-10.0.1.src\include\llvm\IR\Instructions.h(3250): message : 查看对正在编译的 类 模板 实例化“llvm::SwitchInst::CaseHandleImpl<const llvm::SwitchInst,const llvm::ConstantInt,const llvm::BasicBlock>”的引用
C:\doc\llvm\llvm-10.0.1.src\include\llvm\IR\Instructions.h(3467): message : 查看对正在编译的 类 模板 实例化“llvm::SwitchInst::CaseIteratorImpl<llvm::SwitchInst::ConstCaseHandle>”的引用
C:\doc\llvm\llvm-10.0.1.src\include\llvm\IR\Instructions.h(3213,30): warning C4244: “return”: 从“ptrdiff_t”转换到“unsigned int”，可能丢失数据
C:\doc\llvm\llvm-10.0.1.src\include\llvm\IR\Instructions.h(3209): message : 在编译 类 模板 成员函数“unsigned int llvm::SwitchInst::CaseHandleImpl<llvm::SwitchInst,llvm::ConstantInt,llvm::BasicBlock>::getSuccessorIndex(void) const”时
C:\doc\llvm\llvm-10.0.1.src\include\llvm\IR\Instructions.h(3241): message : 查看对正在编译的函数 模板 实例化“unsigned int llvm::SwitchInst::CaseHandleImpl<llvm::SwitchInst,llvm::ConstantInt,llvm::BasicBlock>::getSuccessorIndex(void) const”的引用
C:\doc\llvm\llvm-10.0.1.src\include\llvm\IR\Instructions.h(3226): message : 查看对正在编译的 类 模板 实例化“llvm::SwitchInst::CaseHandleImpl<llvm::SwitchInst,llvm::ConstantInt,llvm::BasicBlock>”的引用
C:\doc\llvm\llvm-10.0.1.src\include\llvm\ADT\DenseMap.h(362,24): warning C4244: “return”: 从“uint64_t”转换到“unsigned int”，可能丢失数据
C:\doc\llvm\llvm-10.0.1.src\include\llvm\ADT\DenseMap.h(356): message : 在编译 类 模板 成员函数“unsigned int llvm::DenseMapBase<llvm::DenseMap<const llvm::MDNode *,bool,llvm::DenseMapInfo<KeyT>,llvm::detail::DenseMapPair<KeyT,ValueT>>,KeyT,ValueT,KeyInfoT,BucketT>::getMinBucketToReserveForEntries(unsigned int)”时
          with
          [
              KeyT=const llvm::MDNode *,
              ValueT=bool,
              KeyInfoT=llvm::DenseMapInfo<const llvm::MDNode *>,
              BucketT=llvm::detail::DenseMapPair<const llvm::MDNode *,bool>
          ]
C:\doc\llvm\llvm-10.0.1.src\include\llvm\ADT\DenseMap.h(763): message : 查看对正在编译的函数 模板 实例化“unsigned int llvm::DenseMapBase<llvm::DenseMap<const llvm::MDNode *,bool,llvm::DenseMapInfo<KeyT>,llvm::detail::DenseMapPair<KeyT,ValueT>>,KeyT,ValueT,KeyInfoT,BucketT>::getMinBucketToReserveForEntries(unsigned int)”的引用
          with
          [
              KeyT=const llvm::MDNode *,
              ValueT=bool,
              KeyInfoT=llvm::DenseMapInfo<const llvm::MDNode *>,
              BucketT=llvm::detail::DenseMapPair<const llvm::MDNode *,bool>
          ]
C:\doc\llvm\llvm-10.0.1.src\include\llvm\ADT\DenseMap.h(685): message : 查看对正在编译的 类 模板 实例化“llvm::DenseMapBase<llvm::DenseMap<const llvm::MDNode *,bool,llvm::DenseMapInfo<KeyT>,llvm::detail::DenseMapPair<KeyT,ValueT>>,KeyT,ValueT,KeyInfoT,BucketT>”的引用
          with
          [
              KeyT=const llvm::MDNode *,
              ValueT=bool,
              KeyInfoT=llvm::DenseMapInfo<const llvm::MDNode *>,
              BucketT=llvm::detail::DenseMapPair<const llvm::MDNode *,bool>
          ]
C:\doc\llvm\llvm-10.0.1.src\include\llvm\IR\Verifier.h(58): message : 查看对正在编译的 类 模板 实例化“llvm::DenseMap<const llvm::MDNode *,bool,llvm::DenseMapInfo<KeyT>,llvm::detail::DenseMapPair<KeyT,ValueT>>”的引用
          with
          [
              KeyT=const llvm::MDNode *,
              ValueT=bool
          ]
C:\doc\llvm\llvm-10.0.1.src\include\llvm\ADT\SmallVector.h(253,1): warning C4267: “=”: 从“size_t”转换到“unsigned int”，可能丢失数据
C:\doc\llvm\llvm-10.0.1.src\include\llvm\ADT\SmallVector.h(233): message : 在编译 类 模板 成员函数“void llvm::SmallVectorTemplateBase<T,false>::grow(size_t)”时
          with
          [
              T=std::string
          ]
C:\doc\llvm\llvm-10.0.1.src\include\llvm\ADT\SmallVector.h(220): message : 查看对正在编译的函数 模板 实例化“void llvm::SmallVectorTemplateBase<T,false>::grow(size_t)”的引用
          with
          [
              T=std::string
          ]
C:\doc\llvm\llvm-10.0.1.src\include\llvm\ADT\SmallVector.h(315): message : 查看对正在编译的 类 模板 实例化“llvm::SmallVectorTemplateBase<T,false>”的引用
          with
          [
              T=std::string
          ]
C:\doc\llvm\llvm-10.0.1.src\include\llvm\ADT\SmallVector.h(837): message : 查看对正在编译的 类 模板 实例化“llvm::SmallVectorImpl<T>”的引用
          with
          [
              T=std::string
          ]
C:\doc\llvm\llvm-10.0.1.src\include\llvm\Support\Error.h(987): message : 查看对正在编译的 类 模板 实例化“llvm::SmallVector<std::string,2>”的引用
C:\doc\llvm\llvm-10.0.1.src\include\llvm\Support\Format.h(97,12): warning C4996: '_snprintf': This function or variable may be unsafe. Consider using _snprintf_s instead. To disable deprecation, use _CRT_SECURE_NO_WARNINGS. See online help for details.
C:\doc\llvm\llvm-10.0.1.src\include\llvm\Support\Format.h(109): message : 查看对正在编译的函数 模板 实例化“int llvm::format_object<uint32_t>::snprint_tuple<0>(char *,unsigned int,std::integer_sequence<size_t,0>) const”的引用
C:\doc\llvm\llvm-10.0.1.src\include\llvm\Support\Format.h(110): message : 查看对正在编译的函数 模板 实例化“int llvm::format_object<uint32_t>::snprint_tuple<0>(char *,unsigned int,std::integer_sequence<size_t,0>) const”的引用
C:\doc\llvm\llvm-10.0.1.src\include\llvm\Support\Format.h(109): message : 在编译 类 模板 成员函数“int llvm::format_object<uint32_t>::snprint(char *,unsigned int) const”时
C:\doc\llvm\llvm-10.0.1.src\include\llvm\Object\SymbolicFile.h(50): message : 查看对正在编译的 类 模板 实例化“llvm::format_object<uint32_t>”的引用
C:\doc\llvm\llvm-10.0.1.src\include\llvm\ADT\BitmaskEnum.h(84,51): warning C4244: “return”: 从“uint64_t”转换到“std::_Underlying_type<_Ty,true>::type”，可能丢失数据
          with
          [
              _Ty=llvm::JITSymbolFlags::FlagNames
          ]
C:\doc\llvm\llvm-10.0.1.src\include\llvm\ADT\BitmaskEnum.h(93): message : 查看对正在编译的函数 模板 实例化“std::_Underlying_type<_Ty,true>::type llvm::BitmaskEnumDetail::Mask<E>(void)”的引用
          with
          [
              _Ty=llvm::JITSymbolFlags::FlagNames,
              E=llvm::JITSymbolFlags::FlagNames
          ]
C:\doc\llvm\llvm-10.0.1.src\include\llvm\ADT\BitmaskEnum.h(112): message : 查看对正在编译的函数 模板 实例化“std::_Underlying_type<_Ty,true>::type llvm::BitmaskEnumDetail::Underlying<E>(E)”的引用
          with
          [
              _Ty=llvm::JITSymbolFlags::FlagNames,
              E=llvm::JITSymbolFlags::FlagNames
          ]
C:\doc\llvm\llvm-10.0.1.src\include\llvm\ExecutionEngine\JITSymbol.h(123): message : 查看对正在编译的函数 模板 实例化“E llvm::BitmaskEnumDetail::operator &<llvm::JITSymbolFlags::FlagNames,void>(E,E)”的引用
          with
          [
              E=llvm::JITSymbolFlags::FlagNames
          ]
LINK : warning LNK4044: 无法识别的选项“/utf-8”；已忽略
  CompilerForRust.vcxproj -> C:\Users\yue\Documents\GitHub\rust_compiler\CompilerForRust\x64\Debug\CompilerForRust.exe
